{"contracts/Bounty/Implementations/BountyV1.sol":{"l":{"44":0,"45":0,"47":0,"49":0,"50":0,"51":0,"53":0,"54":0,"55":0,"56":0,"57":0,"59":0,"69":0,"70":0,"71":0,"95":0,"105":0,"133":0,"145":0,"171":0,"182":0,"204":0,"213":0,"234":0,"235":0,"236":0,"237":0,"238":0,"239":0,"240":0,"241":0,"265":0,"266":0,"267":0,"268":0,"269":0,"270":0,"271":0,"272":0,"273":0,"274":0,"296":0,"298":0,"299":0,"300":0,"302":0,"304":0,"305":0,"306":0,"307":0,"308":0,"309":0,"310":0,"311":0,"314":0,"315":0,"316":0,"334":0,"335":0,"336":0,"337":0,"338":0,"339":0,"340":0,"343":0,"344":0,"345":0,"372":0,"373":0,"374":0,"376":0,"378":0,"379":0,"380":0,"382":0,"385":0,"386":0,"387":0,"388":0,"389":0,"390":0,"392":0,"393":0,"395":0,"414":0,"418":0,"419":0,"421":0,"423":0,"424":0,"425":0,"426":0,"427":0,"428":0,"429":0,"431":0,"432":0,"434":0,"448":0,"449":0,"450":0,"455":0,"457":0,"458":0,"460":0,"466":0,"485":0,"486":0,"487":0,"489":0,"492":0,"497":0,"500":0,"514":0,"515":0,"516":0,"528":0,"533":0,"535":0,"537":0,"538":0,"552":0,"556":0,"558":0,"561":0,"562":0,"576":0,"580":0,"582":0,"584":0,"585":0,"598":0,"614":0,"618":0,"619":0,"620":0,"621":0,"622":0,"629":0,"634":0,"635":0,"637":0,"638":0,"639":0,"648":0,"652":0,"654":0,"655":0,"671":0,"672":0,"674":0,"689":0,"691":0,"692":0,"693":0,"694":0,"700":0,"704":0,"718":0,"719":0,"721":0,"736":0,"737":0,"738":0,"739":0,"740":0,"748":0,"762":0,"763":0,"774":0,"788":0,"789":0,"803":0,"804":0,"816":0,"828":0,"829":0,"830":0,"838":0,"846":0,"857":0,"868":0,"879":0,"891":0,"892":0,"904":0,"908":0,"909":0,"910":0,"912":0,"914":0,"918":0,"919":0,"920":0,"924":0,"925":0,"927":0,"929":0,"930":0,"932":0,"934":0,"935":0,"937":0,"949":0,"953":0,"954":0,"961":0,"972":0,"982":0,"995":0,"996":0,"1004":0,"1012":0,"1016":0,"1024":0,"1028":0,"1036":0,"1044":0,"1052":0,"1059":0},"path":"/Users/alo/OpenQ-Fullstack/OpenQ-Contracts/contracts/Bounty/Implementations/BountyV1.sol","s":{"1":0,"2":0,"3":0,"4":0,"5":0,"6":0,"7":0,"8":0,"9":0,"10":0,"11":0,"12":0,"13":0,"14":0,"15":0,"16":0,"17":0,"18":0,"19":0,"20":0,"21":0,"22":0,"23":0,"24":0,"25":0,"26":0,"27":0,"28":0,"29":0,"30":0,"31":0,"32":0,"33":0,"34":0,"35":0,"36":0,"37":0,"38":0,"39":0,"40":0,"41":0,"42":0,"43":0,"44":0,"45":0,"46":0,"47":0,"48":0,"49":0,"50":0,"51":0,"52":0,"53":0,"54":0,"55":0,"56":0,"57":0,"58":0,"59":0,"60":0,"61":0,"62":0,"63":0,"64":0,"65":0,"66":0,"67":0,"68":0,"69":0,"70":0,"71":0,"72":0,"73":0,"74":0,"75":0,"76":0,"77":0,"78":0,"79":0,"80":0,"81":0,"82":0,"83":0,"84":0,"85":0,"86":0,"87":0,"88":0,"89":0,"90":0,"91":0,"92":0,"93":0,"94":0,"95":0,"96":0,"97":0,"98":0,"99":0,"100":0,"101":0,"102":0,"103":0,"104":0,"105":0,"106":0,"107":0,"108":0,"109":0,"110":0,"111":0,"112":0,"113":0,"114":0,"115":0,"116":0,"117":0,"118":0,"119":0,"120":0,"121":0,"122":0,"123":0,"124":0,"125":0,"126":0},"b":{"1":[0,0],"2":[0,0],"3":[0,0],"4":[0,0],"5":[0,0],"6":[0,0],"7":[0,0],"8":[0,0],"9":[0,0],"10":[0,0],"11":[0,0],"12":[0,0],"13":[0,0],"14":[0,0],"15":[0,0],"16":[0,0],"17":[0,0],"18":[0,0],"19":[0,0],"20":[0,0],"21":[0,0],"22":[0,0],"23":[0,0],"24":[0,0],"25":[0,0],"26":[0,0],"27":[0,0],"28":[0,0],"29":[0,0],"30":[0,0],"31":[0,0],"32":[0,0],"33":[0,0],"34":[0,0],"35":[0,0],"36":[0,0],"37":[0,0],"38":[0,0],"39":[0,0],"40":[0,0],"41":[0,0],"42":[0,0],"43":[0,0],"44":[0,0],"45":[0,0],"46":[0,0],"47":[0,0],"48":[0,0],"49":[0,0],"50":[0,0],"51":[0,0],"52":[0,0],"53":[0,0],"54":[0,0],"55":[0,0],"56":[0,0],"57":[0,0],"58":[0,0],"59":[0,0],"60":[0,0],"61":[0,0],"62":[0,0],"63":[0,0],"64":[0,0],"65":[0,0],"66":[0,0],"67":[0,0],"68":[0,0],"69":[0,0],"70":[0,0],"71":[0,0]},"f":{"1":0,"2":0,"3":0,"4":0,"5":0,"6":0,"7":0,"8":0,"9":0,"10":0,"11":0,"12":0,"13":0,"14":0,"15":0,"16":0,"17":0,"18":0,"19":0,"20":0,"21":0,"22":0,"23":0,"24":0,"25":0,"26":0,"27":0,"28":0,"29":0,"30":0,"31":0,"32":0,"33":0,"34":0,"35":0,"36":0,"37":0,"38":0,"39":0,"40":0,"41":0,"42":0,"43":0,"44":0,"45":0,"46":0,"47":0,"48":0,"49":0},"fnMap":{"1":{"name":"constructor","line":23,"loc":{"start":{"line":23,"column":4},"end":{"line":23,"column":19}}},"2":{"name":"initialize","line":43,"loc":{"start":{"line":35,"column":4},"end":{"line":60,"column":4}}},"3":{"name":"_initByType","line":66,"loc":{"start":{"line":66,"column":4},"end":{"line":215,"column":4}}},"4":{"name":"_initAtomic","line":225,"loc":{"start":{"line":225,"column":4},"end":{"line":242,"column":4}}},"5":{"name":"_initOngoingBounty","line":254,"loc":{"start":{"line":254,"column":4},"end":{"line":275,"column":4}}},"6":{"name":"_initTiered","line":286,"loc":{"start":{"line":286,"column":4},"end":{"line":317,"column":4}}},"7":{"name":"_initTieredFixed","line":326,"loc":{"start":{"line":326,"column":4},"end":{"line":346,"column":4}}},"8":{"name":"receiveFunds","line":369,"loc":{"start":{"line":360,"column":4},"end":{"line":396,"column":4}}},"9":{"name":"receiveNft","line":413,"loc":{"start":{"line":407,"column":4},"end":{"line":435,"column":4}}},"10":{"name":"refundDeposit","line":447,"loc":{"start":{"line":443,"column":4},"end":{"line":472,"column":4}}},"11":{"name":"extendDeposit","line":484,"loc":{"start":{"line":480,"column":4},"end":{"line":501,"column":4}}},"12":{"name":"claimBalance","line":511,"loc":{"start":{"line":508,"column":4},"end":{"line":517,"column":4}}},"13":{"name":"claimOngoingPayout","line":527,"loc":{"start":{"line":524,"column":4},"end":{"line":539,"column":4}}},"14":{"name":"claimTiered","line":551,"loc":{"start":{"line":547,"column":4},"end":{"line":563,"column":4}}},"15":{"name":"claimTieredFixed","line":573,"loc":{"start":{"line":570,"column":4},"end":{"line":586,"column":4}}},"16":{"name":"claimNft","line":596,"loc":{"start":{"line":593,"column":4},"end":{"line":603,"column":4}}},"17":{"name":"close","line":612,"loc":{"start":{"line":610,"column":4},"end":{"line":623,"column":4}}},"18":{"name":"closeCompetition","line":628,"loc":{"start":{"line":628,"column":4},"end":{"line":641,"column":4}}},"19":{"name":"closeOngoing","line":647,"loc":{"start":{"line":647,"column":4},"end":{"line":656,"column":4}}},"20":{"name":"getTokenBalance","line":666,"loc":{"start":{"line":666,"column":4},"end":{"line":676,"column":4}}},"21":{"name":"getLockedFunds","line":684,"loc":{"start":{"line":684,"column":4},"end":{"line":705,"column":4}}},"22":{"name":"_transferToken","line":713,"loc":{"start":{"line":713,"column":4},"end":{"line":723,"column":4}}},"23":{"name":"_receiveERC20","line":731,"loc":{"start":{"line":731,"column":4},"end":{"line":749,"column":4}}},"24":{"name":"_transferERC20","line":757,"loc":{"start":{"line":757,"column":4},"end":{"line":764,"column":4}}},"25":{"name":"_transferProtocolToken","line":771,"loc":{"start":{"line":771,"column":4},"end":{"line":775,"column":4}}},"26":{"name":"_receiveNft","line":783,"loc":{"start":{"line":783,"column":4},"end":{"line":790,"column":4}}},"27":{"name":"_transferNft","line":798,"loc":{"start":{"line":798,"column":4},"end":{"line":805,"column":4}}},"28":{"name":"setTierClaimed","line":815,"loc":{"start":{"line":815,"column":4},"end":{"line":817,"column":4}}},"29":{"name":"setFundingGoal","line":826,"loc":{"start":{"line":824,"column":4},"end":{"line":831,"column":4}}},"30":{"name":"setInvoiceable","line":837,"loc":{"start":{"line":837,"column":4},"end":{"line":839,"column":4}}},"31":{"name":"setKycRequired","line":845,"loc":{"start":{"line":845,"column":4},"end":{"line":847,"column":4}}},"32":{"name":"setSupportingDocuments","line":855,"loc":{"start":{"line":853,"column":4},"end":{"line":858,"column":4}}},"33":{"name":"setInvoiceComplete","line":866,"loc":{"start":{"line":864,"column":4},"end":{"line":869,"column":4}}},"34":{"name":"setSupportingDocumentsComplete","line":878,"loc":{"start":{"line":875,"column":4},"end":{"line":880,"column":4}}},"35":{"name":"setPayout","line":889,"loc":{"start":{"line":887,"column":4},"end":{"line":893,"column":4}}},"36":{"name":"setPayoutSchedule","line":902,"loc":{"start":{"line":900,"column":4},"end":{"line":938,"column":4}}},"37":{"name":"setPayoutScheduleFixed","line":948,"loc":{"start":{"line":945,"column":4},"end":{"line":955,"column":4}}},"38":{"name":"setTierWinner","line":959,"loc":{"start":{"line":957,"column":4},"end":{"line":962,"column":4}}},"39":{"name":"_generateDepositId","line":971,"loc":{"start":{"line":971,"column":4},"end":{"line":973,"column":4}}},"40":{"name":"_generateClaimantId","line":978,"loc":{"start":{"line":978,"column":4},"end":{"line":983,"column":4}}},"41":{"name":"getERC20Balance","line":990,"loc":{"start":{"line":990,"column":4},"end":{"line":997,"column":4}}},"42":{"name":"getDeposits","line":1003,"loc":{"start":{"line":1003,"column":4},"end":{"line":1005,"column":4}}},"43":{"name":"getPayoutSchedule","line":1011,"loc":{"start":{"line":1011,"column":4},"end":{"line":1013,"column":4}}},"44":{"name":"getTierWinners","line":1015,"loc":{"start":{"line":1015,"column":4},"end":{"line":1017,"column":4}}},"45":{"name":"getSupportingDocumentsComplete","line":1019,"loc":{"start":{"line":1019,"column":4},"end":{"line":1025,"column":4}}},"46":{"name":"getInvoiceComplete","line":1027,"loc":{"start":{"line":1027,"column":4},"end":{"line":1029,"column":4}}},"47":{"name":"getNftDeposits","line":1035,"loc":{"start":{"line":1035,"column":4},"end":{"line":1037,"column":4}}},"48":{"name":"getTokenAddresses","line":1043,"loc":{"start":{"line":1043,"column":4},"end":{"line":1045,"column":4}}},"49":{"name":"getTokenAddressesCount","line":1051,"loc":{"start":{"line":1051,"column":4},"end":{"line":1053,"column":4}}}},"statementMap":{"1":{"start":{"line":44,"column":8},"end":{"line":44,"column":71}},"2":{"start":{"line":45,"column":8},"end":{"line":45,"column":78}},"3":{"start":{"line":47,"column":8},"end":{"line":47,"column":31}},"4":{"start":{"line":49,"column":8},"end":{"line":49,"column":31}},"5":{"start":{"line":50,"column":8},"end":{"line":50,"column":48}},"6":{"start":{"line":51,"column":8},"end":{"line":51,"column":52}},"7":{"start":{"line":59,"column":8},"end":{"line":59,"column":30}},"8":{"start":{"line":69,"column":8},"end":{"line":69,"column":55}},"9":{"start":{"line":70,"column":8},"end":{"line":70,"column":2296}},"10":{"start":{"line":71,"column":12},"end":{"line":71,"column":2365}},"11":{"start":{"line":95,"column":12},"end":{"line":95,"column":3077}},"12":{"start":{"line":104,"column":15},"end":{"line":104,"column":3340}},"13":{"start":{"line":105,"column":12},"end":{"line":105,"column":3410}},"14":{"start":{"line":133,"column":12},"end":{"line":133,"column":4276}},"15":{"start":{"line":144,"column":15},"end":{"line":144,"column":4618}},"16":{"start":{"line":145,"column":12},"end":{"line":145,"column":4687}},"17":{"start":{"line":171,"column":12},"end":{"line":171,"column":5488}},"18":{"start":{"line":181,"column":15},"end":{"line":181,"column":5788}},"19":{"start":{"line":182,"column":12},"end":{"line":182,"column":5863}},"20":{"start":{"line":204,"column":12},"end":{"line":204,"column":6527}},"21":{"start":{"line":213,"column":12},"end":{"line":213,"column":52}},"22":{"start":{"line":298,"column":8},"end":{"line":298,"column":19}},"23":{"start":{"line":299,"column":8},"end":{"line":299,"column":10168}},"24":{"start":{"line":302,"column":8},"end":{"line":302,"column":66}},"25":{"start":{"line":372,"column":8},"end":{"line":372,"column":53}},"26":{"start":{"line":373,"column":8},"end":{"line":373,"column":72}},"27":{"start":{"line":374,"column":8},"end":{"line":374,"column":74}},"28":{"start":{"line":376,"column":8},"end":{"line":376,"column":48}},"29":{"start":{"line":378,"column":8},"end":{"line":378,"column":30}},"30":{"start":{"line":379,"column":8},"end":{"line":379,"column":13261}},"31":{"start":{"line":392,"column":8},"end":{"line":392,"column":31}},"32":{"start":{"line":393,"column":8},"end":{"line":393,"column":40}},"33":{"start":{"line":395,"column":8},"end":{"line":395,"column":42}},"34":{"start":{"line":414,"column":8},"end":{"line":414,"column":14542}},"35":{"start":{"line":418,"column":8},"end":{"line":418,"column":72}},"36":{"start":{"line":419,"column":8},"end":{"line":419,"column":52}},"37":{"start":{"line":421,"column":8},"end":{"line":421,"column":48}},"38":{"start":{"line":431,"column":8},"end":{"line":431,"column":31}},"39":{"start":{"line":432,"column":8},"end":{"line":432,"column":34}},"40":{"start":{"line":434,"column":8},"end":{"line":434,"column":24}},"41":{"start":{"line":448,"column":8},"end":{"line":448,"column":78}},"42":{"start":{"line":449,"column":8},"end":{"line":449,"column":71}},"43":{"start":{"line":450,"column":8},"end":{"line":450,"column":15855}},"44":{"start":{"line":457,"column":8},"end":{"line":457,"column":16047}},"45":{"start":{"line":458,"column":12},"end":{"line":458,"column":62}},"46":{"start":{"line":459,"column":15},"end":{"line":459,"column":16173}},"47":{"start":{"line":460,"column":12},"end":{"line":460,"column":16214}},"48":{"start":{"line":466,"column":12},"end":{"line":466,"column":16386}},"49":{"start":{"line":485,"column":8},"end":{"line":485,"column":74}},"50":{"start":{"line":486,"column":8},"end":{"line":486,"column":78}},"51":{"start":{"line":487,"column":8},"end":{"line":487,"column":71}},"52":{"start":{"line":489,"column":8},"end":{"line":489,"column":17161}},"53":{"start":{"line":500,"column":8},"end":{"line":500,"column":37}},"54":{"start":{"line":514,"column":8},"end":{"line":514,"column":63}},"55":{"start":{"line":515,"column":8},"end":{"line":515,"column":68}},"56":{"start":{"line":516,"column":8},"end":{"line":516,"column":29}},"57":{"start":{"line":528,"column":8},"end":{"line":528,"column":18566}},"58":{"start":{"line":533,"column":8},"end":{"line":533,"column":74}},"59":{"start":{"line":537,"column":8},"end":{"line":537,"column":71}},"60":{"start":{"line":538,"column":8},"end":{"line":538,"column":49}},"61":{"start":{"line":552,"column":8},"end":{"line":552,"column":19485}},"62":{"start":{"line":556,"column":8},"end":{"line":556,"column":64}},"63":{"start":{"line":558,"column":8},"end":{"line":558,"column":19710}},"64":{"start":{"line":561,"column":8},"end":{"line":561,"column":68}},"65":{"start":{"line":562,"column":8},"end":{"line":562,"column":29}},"66":{"start":{"line":576,"column":8},"end":{"line":576,"column":20285}},"67":{"start":{"line":580,"column":8},"end":{"line":580,"column":64}},"68":{"start":{"line":582,"column":8},"end":{"line":582,"column":54}},"69":{"start":{"line":584,"column":8},"end":{"line":584,"column":73}},"70":{"start":{"line":585,"column":8},"end":{"line":585,"column":29}},"71":{"start":{"line":598,"column":8},"end":{"line":598,"column":20992}},"72":{"start":{"line":614,"column":8},"end":{"line":614,"column":21462}},"73":{"start":{"line":618,"column":8},"end":{"line":618,"column":68}},"74":{"start":{"line":629,"column":8},"end":{"line":629,"column":22010}},"75":{"start":{"line":637,"column":8},"end":{"line":637,"column":22214}},"76":{"start":{"line":638,"column":12},"end":{"line":638,"column":58}},"77":{"start":{"line":648,"column":8},"end":{"line":648,"column":22638}},"78":{"start":{"line":652,"column":8},"end":{"line":652,"column":59}},"79":{"start":{"line":671,"column":8},"end":{"line":671,"column":23229}},"80":{"start":{"line":672,"column":12},"end":{"line":672,"column":40}},"81":{"start":{"line":674,"column":12},"end":{"line":674,"column":49}},"82":{"start":{"line":689,"column":8},"end":{"line":689,"column":59}},"83":{"start":{"line":691,"column":8},"end":{"line":691,"column":27}},"84":{"start":{"line":692,"column":8},"end":{"line":692,"column":55}},"85":{"start":{"line":693,"column":8},"end":{"line":693,"column":23988}},"86":{"start":{"line":694,"column":12},"end":{"line":694,"column":24051}},"87":{"start":{"line":704,"column":8},"end":{"line":704,"column":26}},"88":{"start":{"line":718,"column":8},"end":{"line":718,"column":24794}},"89":{"start":{"line":719,"column":12},"end":{"line":719,"column":58}},"90":{"start":{"line":721,"column":12},"end":{"line":721,"column":65}},"91":{"start":{"line":736,"column":8},"end":{"line":736,"column":62}},"92":{"start":{"line":737,"column":8},"end":{"line":737,"column":66}},"93":{"start":{"line":738,"column":8},"end":{"line":738,"column":62}},"94":{"start":{"line":739,"column":8},"end":{"line":739,"column":61}},"95":{"start":{"line":740,"column":8},"end":{"line":740,"column":25658}},"96":{"start":{"line":748,"column":8},"end":{"line":748,"column":43}},"97":{"start":{"line":762,"column":8},"end":{"line":762,"column":66}},"98":{"start":{"line":763,"column":8},"end":{"line":763,"column":50}},"99":{"start":{"line":774,"column":8},"end":{"line":774,"column":49}},"100":{"start":{"line":788,"column":8},"end":{"line":788,"column":66}},"101":{"start":{"line":789,"column":8},"end":{"line":789,"column":61}},"102":{"start":{"line":803,"column":8},"end":{"line":803,"column":66}},"103":{"start":{"line":804,"column":8},"end":{"line":804,"column":68}},"104":{"start":{"line":904,"column":8},"end":{"line":904,"column":31097}},"105":{"start":{"line":908,"column":8},"end":{"line":908,"column":19}},"106":{"start":{"line":909,"column":8},"end":{"line":909,"column":31236}},"107":{"start":{"line":912,"column":8},"end":{"line":912,"column":66}},"108":{"start":{"line":918,"column":8},"end":{"line":918,"column":76}},"109":{"start":{"line":919,"column":8},"end":{"line":919,"column":76}},"110":{"start":{"line":920,"column":8},"end":{"line":920,"column":31785}},"111":{"start":{"line":924,"column":8},"end":{"line":924,"column":31898}},"112":{"start":{"line":929,"column":8},"end":{"line":929,"column":32054}},"113":{"start":{"line":934,"column":8},"end":{"line":934,"column":32230}},"114":{"start":{"line":949,"column":8},"end":{"line":949,"column":32827}},"115":{"start":{"line":972,"column":8},"end":{"line":972,"column":63}},"116":{"start":{"line":982,"column":8},"end":{"line":982,"column":61}},"117":{"start":{"line":995,"column":8},"end":{"line":995,"column":66}},"118":{"start":{"line":996,"column":8},"end":{"line":996,"column":45}},"119":{"start":{"line":1004,"column":8},"end":{"line":1004,"column":23}},"120":{"start":{"line":1012,"column":8},"end":{"line":1012,"column":29}},"121":{"start":{"line":1016,"column":8},"end":{"line":1016,"column":26}},"122":{"start":{"line":1024,"column":8},"end":{"line":1024,"column":42}},"123":{"start":{"line":1028,"column":8},"end":{"line":1028,"column":30}},"124":{"start":{"line":1036,"column":8},"end":{"line":1036,"column":26}},"125":{"start":{"line":1044,"column":8},"end":{"line":1044,"column":38}},"126":{"start":{"line":1052,"column":8},"end":{"line":1052,"column":45}}},"branchMap":{"1":{"line":43,"type":"if","locations":[{"start":{"line":43,"column":15},"end":{"line":43,"column":15}},{"start":{"line":43,"column":15},"end":{"line":43,"column":15}}]},"2":{"line":44,"type":"if","locations":[{"start":{"line":44,"column":8},"end":{"line":44,"column":8}},{"start":{"line":44,"column":8},"end":{"line":44,"column":8}}]},"3":{"line":45,"type":"if","locations":[{"start":{"line":45,"column":8},"end":{"line":45,"column":8}},{"start":{"line":45,"column":8},"end":{"line":45,"column":8}}]},"4":{"line":70,"type":"if","locations":[{"start":{"line":70,"column":8},"end":{"line":70,"column":8}},{"start":{"line":70,"column":8},"end":{"line":70,"column":8}}]},"5":{"line":104,"type":"if","locations":[{"start":{"line":104,"column":15},"end":{"line":104,"column":15}},{"start":{"line":104,"column":15},"end":{"line":104,"column":15}}]},"6":{"line":144,"type":"if","locations":[{"start":{"line":144,"column":15},"end":{"line":144,"column":15}},{"start":{"line":144,"column":15},"end":{"line":144,"column":15}}]},"7":{"line":181,"type":"if","locations":[{"start":{"line":181,"column":15},"end":{"line":181,"column":15}},{"start":{"line":181,"column":15},"end":{"line":181,"column":15}}]},"8":{"line":302,"type":"if","locations":[{"start":{"line":302,"column":8},"end":{"line":302,"column":8}},{"start":{"line":302,"column":8},"end":{"line":302,"column":8}}]},"9":{"line":368,"type":"if","locations":[{"start":{"line":368,"column":8},"end":{"line":368,"column":8}},{"start":{"line":368,"column":8},"end":{"line":368,"column":8}}]},"10":{"line":369,"type":"if","locations":[{"start":{"line":369,"column":8},"end":{"line":369,"column":8}},{"start":{"line":369,"column":8},"end":{"line":369,"column":8}}]},"11":{"line":372,"type":"if","locations":[{"start":{"line":372,"column":8},"end":{"line":372,"column":8}},{"start":{"line":372,"column":8},"end":{"line":372,"column":8}}]},"12":{"line":373,"type":"if","locations":[{"start":{"line":373,"column":8},"end":{"line":373,"column":8}},{"start":{"line":373,"column":8},"end":{"line":373,"column":8}}]},"13":{"line":374,"type":"if","locations":[{"start":{"line":374,"column":8},"end":{"line":374,"column":8}},{"start":{"line":374,"column":8},"end":{"line":374,"column":8}}]},"14":{"line":379,"type":"if","locations":[{"start":{"line":379,"column":8},"end":{"line":379,"column":8}},{"start":{"line":379,"column":8},"end":{"line":379,"column":8}}]},"15":{"line":413,"type":"if","locations":[{"start":{"line":413,"column":15},"end":{"line":413,"column":15}},{"start":{"line":413,"column":15},"end":{"line":413,"column":15}}]},"16":{"line":413,"type":"if","locations":[{"start":{"line":413,"column":34},"end":{"line":413,"column":34}},{"start":{"line":413,"column":34},"end":{"line":413,"column":34}}]},"17":{"line":414,"type":"if","locations":[{"start":{"line":414,"column":8},"end":{"line":414,"column":8}},{"start":{"line":414,"column":8},"end":{"line":414,"column":8}}]},"18":{"line":418,"type":"if","locations":[{"start":{"line":418,"column":8},"end":{"line":418,"column":8}},{"start":{"line":418,"column":8},"end":{"line":418,"column":8}}]},"19":{"line":447,"type":"if","locations":[{"start":{"line":447,"column":15},"end":{"line":447,"column":15}},{"start":{"line":447,"column":15},"end":{"line":447,"column":15}}]},"20":{"line":447,"type":"if","locations":[{"start":{"line":447,"column":34},"end":{"line":447,"column":34}},{"start":{"line":447,"column":34},"end":{"line":447,"column":34}}]},"21":{"line":448,"type":"if","locations":[{"start":{"line":448,"column":8},"end":{"line":448,"column":8}},{"start":{"line":448,"column":8},"end":{"line":448,"column":8}}]},"22":{"line":449,"type":"if","locations":[{"start":{"line":449,"column":8},"end":{"line":449,"column":8}},{"start":{"line":449,"column":8},"end":{"line":449,"column":8}}]},"23":{"line":450,"type":"if","locations":[{"start":{"line":450,"column":8},"end":{"line":450,"column":8}},{"start":{"line":450,"column":8},"end":{"line":450,"column":8}}]},"24":{"line":457,"type":"if","locations":[{"start":{"line":457,"column":8},"end":{"line":457,"column":8}},{"start":{"line":457,"column":8},"end":{"line":457,"column":8}}]},"25":{"line":459,"type":"if","locations":[{"start":{"line":459,"column":15},"end":{"line":459,"column":15}},{"start":{"line":459,"column":15},"end":{"line":459,"column":15}}]},"26":{"line":484,"type":"if","locations":[{"start":{"line":484,"column":15},"end":{"line":484,"column":15}},{"start":{"line":484,"column":15},"end":{"line":484,"column":15}}]},"27":{"line":484,"type":"if","locations":[{"start":{"line":484,"column":34},"end":{"line":484,"column":34}},{"start":{"line":484,"column":34},"end":{"line":484,"column":34}}]},"28":{"line":485,"type":"if","locations":[{"start":{"line":485,"column":8},"end":{"line":485,"column":8}},{"start":{"line":485,"column":8},"end":{"line":485,"column":8}}]},"29":{"line":486,"type":"if","locations":[{"start":{"line":486,"column":8},"end":{"line":486,"column":8}},{"start":{"line":486,"column":8},"end":{"line":486,"column":8}}]},"30":{"line":487,"type":"if","locations":[{"start":{"line":487,"column":8},"end":{"line":487,"column":8}},{"start":{"line":487,"column":8},"end":{"line":487,"column":8}}]},"31":{"line":489,"type":"if","locations":[{"start":{"line":489,"column":8},"end":{"line":489,"column":8}},{"start":{"line":489,"column":8},"end":{"line":489,"column":8}}]},"32":{"line":510,"type":"if","locations":[{"start":{"line":510,"column":8},"end":{"line":510,"column":8}},{"start":{"line":510,"column":8},"end":{"line":510,"column":8}}]},"33":{"line":511,"type":"if","locations":[{"start":{"line":511,"column":8},"end":{"line":511,"column":8}},{"start":{"line":511,"column":8},"end":{"line":511,"column":8}}]},"34":{"line":527,"type":"if","locations":[{"start":{"line":527,"column":15},"end":{"line":527,"column":15}},{"start":{"line":527,"column":15},"end":{"line":527,"column":15}}]},"35":{"line":527,"type":"if","locations":[{"start":{"line":527,"column":32},"end":{"line":527,"column":32}},{"start":{"line":527,"column":32},"end":{"line":527,"column":32}}]},"36":{"line":551,"type":"if","locations":[{"start":{"line":551,"column":15},"end":{"line":551,"column":15}},{"start":{"line":551,"column":15},"end":{"line":551,"column":15}}]},"37":{"line":551,"type":"if","locations":[{"start":{"line":551,"column":32},"end":{"line":551,"column":32}},{"start":{"line":551,"column":32},"end":{"line":551,"column":32}}]},"38":{"line":552,"type":"if","locations":[{"start":{"line":552,"column":8},"end":{"line":552,"column":8}},{"start":{"line":552,"column":8},"end":{"line":552,"column":8}}]},"39":{"line":556,"type":"if","locations":[{"start":{"line":556,"column":8},"end":{"line":556,"column":8}},{"start":{"line":556,"column":8},"end":{"line":556,"column":8}}]},"40":{"line":572,"type":"if","locations":[{"start":{"line":572,"column":8},"end":{"line":572,"column":8}},{"start":{"line":572,"column":8},"end":{"line":572,"column":8}}]},"41":{"line":573,"type":"if","locations":[{"start":{"line":573,"column":8},"end":{"line":573,"column":8}},{"start":{"line":573,"column":8},"end":{"line":573,"column":8}}]},"42":{"line":576,"type":"if","locations":[{"start":{"line":576,"column":8},"end":{"line":576,"column":8}},{"start":{"line":576,"column":8},"end":{"line":576,"column":8}}]},"43":{"line":580,"type":"if","locations":[{"start":{"line":580,"column":8},"end":{"line":580,"column":8}},{"start":{"line":580,"column":8},"end":{"line":580,"column":8}}]},"44":{"line":595,"type":"if","locations":[{"start":{"line":595,"column":8},"end":{"line":595,"column":8}},{"start":{"line":595,"column":8},"end":{"line":595,"column":8}}]},"45":{"line":596,"type":"if","locations":[{"start":{"line":596,"column":8},"end":{"line":596,"column":8}},{"start":{"line":596,"column":8},"end":{"line":596,"column":8}}]},"46":{"line":612,"type":"if","locations":[{"start":{"line":612,"column":8},"end":{"line":612,"column":8}},{"start":{"line":612,"column":8},"end":{"line":612,"column":8}}]},"47":{"line":614,"type":"if","locations":[{"start":{"line":614,"column":8},"end":{"line":614,"column":8}},{"start":{"line":614,"column":8},"end":{"line":614,"column":8}}]},"48":{"line":618,"type":"if","locations":[{"start":{"line":618,"column":8},"end":{"line":618,"column":8}},{"start":{"line":618,"column":8},"end":{"line":618,"column":8}}]},"49":{"line":628,"type":"if","locations":[{"start":{"line":628,"column":41},"end":{"line":628,"column":41}},{"start":{"line":628,"column":41},"end":{"line":628,"column":41}}]},"50":{"line":629,"type":"if","locations":[{"start":{"line":629,"column":8},"end":{"line":629,"column":8}},{"start":{"line":629,"column":8},"end":{"line":629,"column":8}}]},"51":{"line":647,"type":"if","locations":[{"start":{"line":647,"column":52},"end":{"line":647,"column":52}},{"start":{"line":647,"column":52},"end":{"line":647,"column":52}}]},"52":{"line":648,"type":"if","locations":[{"start":{"line":648,"column":8},"end":{"line":648,"column":8}},{"start":{"line":648,"column":8},"end":{"line":648,"column":8}}]},"53":{"line":652,"type":"if","locations":[{"start":{"line":652,"column":8},"end":{"line":652,"column":8}},{"start":{"line":652,"column":8},"end":{"line":652,"column":8}}]},"54":{"line":671,"type":"if","locations":[{"start":{"line":671,"column":8},"end":{"line":671,"column":8}},{"start":{"line":671,"column":8},"end":{"line":671,"column":8}}]},"55":{"line":694,"type":"if","locations":[{"start":{"line":694,"column":12},"end":{"line":694,"column":12}},{"start":{"line":694,"column":12},"end":{"line":694,"column":12}}]},"56":{"line":718,"type":"if","locations":[{"start":{"line":718,"column":8},"end":{"line":718,"column":8}},{"start":{"line":718,"column":8},"end":{"line":718,"column":8}}]},"57":{"line":740,"type":"if","locations":[{"start":{"line":740,"column":8},"end":{"line":740,"column":8}},{"start":{"line":740,"column":8},"end":{"line":740,"column":8}}]},"58":{"line":815,"type":"if","locations":[{"start":{"line":815,"column":52},"end":{"line":815,"column":52}},{"start":{"line":815,"column":52},"end":{"line":815,"column":52}}]},"59":{"line":826,"type":"if","locations":[{"start":{"line":826,"column":8},"end":{"line":826,"column":8}},{"start":{"line":826,"column":8},"end":{"line":826,"column":8}}]},"60":{"line":837,"type":"if","locations":[{"start":{"line":837,"column":56},"end":{"line":837,"column":56}},{"start":{"line":837,"column":56},"end":{"line":837,"column":56}}]},"61":{"line":845,"type":"if","locations":[{"start":{"line":845,"column":56},"end":{"line":845,"column":56}},{"start":{"line":845,"column":56},"end":{"line":845,"column":56}}]},"62":{"line":855,"type":"if","locations":[{"start":{"line":855,"column":8},"end":{"line":855,"column":8}},{"start":{"line":855,"column":8},"end":{"line":855,"column":8}}]},"63":{"line":866,"type":"if","locations":[{"start":{"line":866,"column":8},"end":{"line":866,"column":8}},{"start":{"line":866,"column":8},"end":{"line":866,"column":8}}]},"64":{"line":878,"type":"if","locations":[{"start":{"line":878,"column":15},"end":{"line":878,"column":15}},{"start":{"line":878,"column":15},"end":{"line":878,"column":15}}]},"65":{"line":889,"type":"if","locations":[{"start":{"line":889,"column":8},"end":{"line":889,"column":8}},{"start":{"line":889,"column":8},"end":{"line":889,"column":8}}]},"66":{"line":902,"type":"if","locations":[{"start":{"line":902,"column":8},"end":{"line":902,"column":8}},{"start":{"line":902,"column":8},"end":{"line":902,"column":8}}]},"67":{"line":904,"type":"if","locations":[{"start":{"line":904,"column":8},"end":{"line":904,"column":8}},{"start":{"line":904,"column":8},"end":{"line":904,"column":8}}]},"68":{"line":912,"type":"if","locations":[{"start":{"line":912,"column":8},"end":{"line":912,"column":8}},{"start":{"line":912,"column":8},"end":{"line":912,"column":8}}]},"69":{"line":948,"type":"if","locations":[{"start":{"line":948,"column":15},"end":{"line":948,"column":15}},{"start":{"line":948,"column":15},"end":{"line":948,"column":15}}]},"70":{"line":949,"type":"if","locations":[{"start":{"line":949,"column":8},"end":{"line":949,"column":8}},{"start":{"line":949,"column":8},"end":{"line":949,"column":8}}]},"71":{"line":959,"type":"if","locations":[{"start":{"line":959,"column":8},"end":{"line":959,"column":8}},{"start":{"line":959,"column":8},"end":{"line":959,"column":8}}]}}},"contracts/Bounty/Proxy/BountyBeacon.sol":{"l":{},"path":"/Users/alo/OpenQ-Fullstack/OpenQ-Contracts/contracts/Bounty/Proxy/BountyBeacon.sol","s":{},"b":{},"f":{"1":0},"fnMap":{"1":{"name":"constructor","line":22,"loc":{"start":{"line":22,"column":4},"end":{"line":22,"column":77}}}},"statementMap":{},"branchMap":{}},"contracts/BountyFactory/BountyFactory.sol":{"l":{"35":0,"37":0,"59":0,"73":0,"85":0},"path":"/Users/alo/OpenQ-Fullstack/OpenQ-Contracts/contracts/BountyFactory/BountyFactory.sol","s":{"1":0,"2":0,"3":0,"4":0},"b":{"1":[0,0]},"f":{"1":0,"2":0,"3":0},"fnMap":{"1":{"name":"constructor","line":34,"loc":{"start":{"line":34,"column":4},"end":{"line":38,"column":4}}},"2":{"name":"mintBounty","line":58,"loc":{"start":{"line":51,"column":4},"end":{"line":74,"column":4}}},"3":{"name":"getBeacon","line":84,"loc":{"start":{"line":84,"column":4},"end":{"line":86,"column":4}}}},"statementMap":{"1":{"start":{"line":35,"column":8},"end":{"line":35,"column":31}},"2":{"start":{"line":59,"column":8},"end":{"line":59,"column":1713}},"3":{"start":{"line":73,"column":8},"end":{"line":73,"column":30}},"4":{"start":{"line":85,"column":8},"end":{"line":85,"column":21}}},"branchMap":{"1":{"line":58,"type":"if","locations":[{"start":{"line":58,"column":15},"end":{"line":58,"column":15}},{"start":{"line":58,"column":15},"end":{"line":58,"column":15}}]}}},"contracts/ClaimManager/ClaimManagerOwnable.sol":{"l":{"31":0,"46":0,"53":0,"57":0},"path":"/Users/alo/OpenQ-Fullstack/OpenQ-Contracts/contracts/ClaimManager/ClaimManagerOwnable.sol","s":{"1":0,"2":0},"b":{"1":[0,0],"2":[0,0]},"f":{"1":0,"2":0,"3":0},"fnMap":{"1":{"name":"__ClaimManagerOwnable_init","line":29,"loc":{"start":{"line":27,"column":4},"end":{"line":32,"column":4}}},"2":{"name":"claimManager","line":45,"loc":{"start":{"line":45,"column":4},"end":{"line":47,"column":4}}},"3":{"name":"onlyClaimManager","line":52,"loc":{"start":{"line":52,"column":4},"end":{"line":58,"column":4}}}},"statementMap":{"1":{"start":{"line":46,"column":8},"end":{"line":46,"column":28}},"2":{"start":{"line":53,"column":8},"end":{"line":53,"column":1202}}},"branchMap":{"1":{"line":29,"type":"if","locations":[{"start":{"line":29,"column":8},"end":{"line":29,"column":8}},{"start":{"line":29,"column":8},"end":{"line":29,"column":8}}]},"2":{"line":53,"type":"if","locations":[{"start":{"line":53,"column":8},"end":{"line":53,"column":8}},{"start":{"line":53,"column":8},"end":{"line":53,"column":8}}]}}},"contracts/ClaimManager/ClaimManagerStorage.sol":{"l":{},"path":"/Users/alo/OpenQ-Fullstack/OpenQ-Contracts/contracts/ClaimManager/ClaimManagerStorage.sol","s":{},"b":{},"f":{},"fnMap":{},"statementMap":{},"branchMap":{}},"contracts/ClaimManager/Implementations/ClaimManagerV1.sol":{"l":{"23":0,"24":0,"25":0,"39":0,"40":0,"42":0,"43":0,"47":0,"48":0,"50":0,"61":0,"65":0,"67":0,"69":0,"71":0,"74":0,"86":0,"87":0,"92":0,"106":0,"107":0,"109":0,"129":0,"134":0,"153":0,"158":0,"160":0,"161":0,"163":0,"175":0,"176":0,"182":0,"196":0,"197":0,"198":0,"199":0,"201":0,"216":0,"224":0,"229":0,"231":0,"232":0,"234":0,"246":0,"248":0,"261":0,"262":0,"263":0,"264":0,"266":0,"281":0,"297":0,"299":0,"300":0,"302":0,"308":0,"310":0,"328":0,"329":0,"334":0,"348":0,"349":0,"351":0,"355":0,"357":0,"358":0,"360":0,"362":0,"365":0,"385":0,"387":0,"392":0,"396":0,"402":0,"408":0,"410":0,"415":0,"416":0,"418":0,"420":0,"423":0,"433":0,"437":0,"441":0},"path":"/Users/alo/OpenQ-Fullstack/OpenQ-Contracts/contracts/ClaimManager/Implementations/ClaimManagerV1.sol","s":{"1":0,"2":0,"3":0,"4":0,"5":0,"6":0,"7":0,"8":0,"9":0,"10":0,"11":0,"12":0,"13":0,"14":0,"15":0,"16":0,"17":0,"18":0,"19":0,"20":0,"21":0,"22":0,"23":0,"24":0,"25":0,"26":0,"27":0,"28":0,"29":0,"30":0,"31":0,"32":0,"33":0,"34":0,"35":0,"36":0,"37":0,"38":0,"39":0,"40":0,"41":0,"42":0,"43":0,"44":0,"45":0,"46":0,"47":0,"48":0,"49":0,"50":0,"51":0,"52":0,"53":0,"54":0,"55":0,"56":0,"57":0,"58":0,"59":0,"60":0,"61":0,"62":0,"63":0,"64":0,"65":0,"66":0,"67":0,"68":0,"69":0,"70":0,"71":0,"72":0,"73":0,"74":0,"75":0,"76":0,"77":0,"78":0,"79":0,"80":0,"81":0,"82":0,"83":0,"84":0,"85":0,"86":0},"b":{"1":[0,0],"2":[0,0],"3":[0,0],"4":[0,0],"5":[0,0],"6":[0,0],"7":[0,0],"8":[0,0],"9":[0,0],"10":[0,0],"11":[0,0],"12":[0,0],"13":[0,0],"14":[0,0],"15":[0,0],"16":[0,0],"17":[0,0],"18":[0,0],"19":[0,0],"20":[0,0],"21":[0,0],"22":[0,0],"23":[0,0],"24":[0,0],"25":[0,0],"26":[0,0],"27":[0,0],"28":[0,0],"29":[0,0],"30":[0,0],"31":[0,0],"32":[0,0],"33":[0,0],"34":[0,0],"35":[0,0],"36":[0,0],"37":[0,0],"38":[0,0],"39":[0,0],"40":[0,0],"41":[0,0],"42":[0,0]},"f":{"1":0,"2":0,"3":0,"4":0,"5":0,"6":0,"7":0,"8":0,"9":0,"10":0,"11":0,"12":0,"13":0,"14":0,"15":0},"fnMap":{"1":{"name":"constructor","line":16,"loc":{"start":{"line":16,"column":4},"end":{"line":16,"column":19}}},"2":{"name":"initialize","line":22,"loc":{"start":{"line":22,"column":4},"end":{"line":26,"column":4}}},"3":{"name":"claimBounty","line":38,"loc":{"start":{"line":34,"column":4},"end":{"line":75,"column":4}}},"4":{"name":"_claimSingle","line":81,"loc":{"start":{"line":81,"column":4},"end":{"line":122,"column":4}}},"5":{"name":"_claimOngoing","line":124,"loc":{"start":{"line":124,"column":4},"end":{"line":146,"column":4}}},"6":{"name":"_claimTiered","line":148,"loc":{"start":{"line":148,"column":4},"end":{"line":217,"column":4}}},"7":{"name":"_claimTieredFixed","line":219,"loc":{"start":{"line":219,"column":4},"end":{"line":282,"column":4}}},"8":{"name":"bountyIsClaimable","line":292,"loc":{"start":{"line":292,"column":4},"end":{"line":312,"column":4}}},"9":{"name":"_authorizeUpgrade","line":321,"loc":{"start":{"line":321,"column":4},"end":{"line":321,"column":69}}},"10":{"name":"transferOracle","line":327,"loc":{"start":{"line":327,"column":4},"end":{"line":330,"column":4}}},"11":{"name":"setOpenQ","line":333,"loc":{"start":{"line":333,"column":4},"end":{"line":335,"column":4}}},"12":{"name":"directClaimTieredBounty","line":347,"loc":{"start":{"line":343,"column":4},"end":{"line":371,"column":4}}},"13":{"name":"permissionedClaimTieredBounty","line":384,"loc":{"start":{"line":381,"column":4},"end":{"line":429,"column":4}}},"14":{"name":"setKyc","line":432,"loc":{"start":{"line":432,"column":4},"end":{"line":434,"column":4}}},"15":{"name":"hasKYC","line":436,"loc":{"start":{"line":436,"column":4},"end":{"line":442,"column":4}}}},"statementMap":{"1":{"start":{"line":23,"column":8},"end":{"line":23,"column":23}},"2":{"start":{"line":24,"column":8},"end":{"line":24,"column":31}},"3":{"start":{"line":25,"column":8},"end":{"line":25,"column":30}},"4":{"start":{"line":39,"column":8},"end":{"line":39,"column":59}},"5":{"start":{"line":40,"column":8},"end":{"line":40,"column":49}},"6":{"start":{"line":42,"column":8},"end":{"line":42,"column":1270}},"7":{"start":{"line":43,"column":12},"end":{"line":43,"column":1332}},"8":{"start":{"line":47,"column":12},"end":{"line":47,"column":53}},"9":{"start":{"line":48,"column":12},"end":{"line":48,"column":45}},"10":{"start":{"line":50,"column":12},"end":{"line":50,"column":1581}},"11":{"start":{"line":60,"column":15},"end":{"line":60,"column":1881}},"12":{"start":{"line":61,"column":12},"end":{"line":61,"column":1944}},"13":{"start":{"line":65,"column":12},"end":{"line":65,"column":54}},"14":{"start":{"line":66,"column":15},"end":{"line":66,"column":2143}},"15":{"start":{"line":67,"column":12},"end":{"line":67,"column":53}},"16":{"start":{"line":68,"column":15},"end":{"line":68,"column":2260}},"17":{"start":{"line":69,"column":12},"end":{"line":69,"column":58}},"18":{"start":{"line":71,"column":12},"end":{"line":71,"column":19}},"19":{"start":{"line":74,"column":8},"end":{"line":74,"column":79}},"20":{"start":{"line":86,"column":8},"end":{"line":86,"column":2686}},"21":{"start":{"line":87,"column":12},"end":{"line":87,"column":2769}},"22":{"start":{"line":92,"column":12},"end":{"line":92,"column":2906}},"23":{"start":{"line":106,"column":8},"end":{"line":106,"column":3289}},"24":{"start":{"line":107,"column":12},"end":{"line":107,"column":58}},"25":{"start":{"line":109,"column":12},"end":{"line":109,"column":3431}},"26":{"start":{"line":129,"column":8},"end":{"line":129,"column":3986}},"27":{"start":{"line":134,"column":8},"end":{"line":134,"column":4119}},"28":{"start":{"line":153,"column":8},"end":{"line":153,"column":4571}},"29":{"start":{"line":158,"column":8},"end":{"line":158,"column":71}},"30":{"start":{"line":160,"column":8},"end":{"line":160,"column":4784}},"31":{"start":{"line":161,"column":12},"end":{"line":161,"column":36}},"32":{"start":{"line":163,"column":12},"end":{"line":163,"column":4869}},"33":{"start":{"line":175,"column":8},"end":{"line":175,"column":5178}},"34":{"start":{"line":176,"column":12},"end":{"line":176,"column":5261}},"35":{"start":{"line":182,"column":12},"end":{"line":182,"column":5420}},"36":{"start":{"line":196,"column":8},"end":{"line":196,"column":5803}},"37":{"start":{"line":197,"column":12},"end":{"line":197,"column":54}},"38":{"start":{"line":198,"column":12},"end":{"line":198,"column":5938}},"39":{"start":{"line":199,"column":16},"end":{"line":199,"column":51}},"40":{"start":{"line":201,"column":16},"end":{"line":201,"column":6054}},"41":{"start":{"line":216,"column":8},"end":{"line":216,"column":35}},"42":{"start":{"line":224,"column":8},"end":{"line":224,"column":6684}},"43":{"start":{"line":229,"column":8},"end":{"line":229,"column":71}},"44":{"start":{"line":231,"column":8},"end":{"line":231,"column":6897}},"45":{"start":{"line":232,"column":12},"end":{"line":232,"column":36}},"46":{"start":{"line":234,"column":12},"end":{"line":234,"column":6982}},"47":{"start":{"line":246,"column":8},"end":{"line":246,"column":64}},"48":{"start":{"line":248,"column":8},"end":{"line":248,"column":7359}},"49":{"start":{"line":261,"column":8},"end":{"line":261,"column":7690}},"50":{"start":{"line":262,"column":12},"end":{"line":262,"column":54}},"51":{"start":{"line":263,"column":12},"end":{"line":263,"column":7825}},"52":{"start":{"line":264,"column":16},"end":{"line":264,"column":51}},"53":{"start":{"line":266,"column":16},"end":{"line":266,"column":7941}},"54":{"start":{"line":281,"column":8},"end":{"line":281,"column":35}},"55":{"start":{"line":297,"column":8},"end":{"line":297,"column":59}},"56":{"start":{"line":299,"column":8},"end":{"line":299,"column":40}},"57":{"start":{"line":300,"column":8},"end":{"line":300,"column":49}},"58":{"start":{"line":302,"column":8},"end":{"line":302,"column":8887}},"59":{"start":{"line":308,"column":12},"end":{"line":308,"column":30}},"60":{"start":{"line":310,"column":12},"end":{"line":310,"column":30}},"61":{"start":{"line":328,"column":8},"end":{"line":328,"column":64}},"62":{"start":{"line":329,"column":8},"end":{"line":329,"column":34}},"63":{"start":{"line":348,"column":8},"end":{"line":348,"column":59}},"64":{"start":{"line":349,"column":8},"end":{"line":349,"column":71}},"65":{"start":{"line":351,"column":8},"end":{"line":351,"column":10547}},"66":{"start":{"line":355,"column":8},"end":{"line":355,"column":66}},"67":{"start":{"line":357,"column":8},"end":{"line":357,"column":10722}},"68":{"start":{"line":358,"column":12},"end":{"line":358,"column":57}},"69":{"start":{"line":359,"column":15},"end":{"line":359,"column":10857}},"70":{"start":{"line":360,"column":12},"end":{"line":360,"column":52}},"71":{"start":{"line":362,"column":12},"end":{"line":362,"column":52}},"72":{"start":{"line":365,"column":8},"end":{"line":365,"column":11058}},"73":{"start":{"line":385,"column":8},"end":{"line":385,"column":59}},"74":{"start":{"line":387,"column":8},"end":{"line":387,"column":11795}},"75":{"start":{"line":392,"column":8},"end":{"line":392,"column":11934}},"76":{"start":{"line":396,"column":8},"end":{"line":396,"column":12040}},"77":{"start":{"line":402,"column":8},"end":{"line":402,"column":12210}},"78":{"start":{"line":408,"column":8},"end":{"line":408,"column":74}},"79":{"start":{"line":410,"column":8},"end":{"line":410,"column":12472}},"80":{"start":{"line":415,"column":8},"end":{"line":415,"column":12604}},"81":{"start":{"line":416,"column":12},"end":{"line":416,"column":61}},"82":{"start":{"line":417,"column":15},"end":{"line":417,"column":12743}},"83":{"start":{"line":418,"column":12},"end":{"line":418,"column":56}},"84":{"start":{"line":420,"column":12},"end":{"line":420,"column":52}},"85":{"start":{"line":423,"column":8},"end":{"line":423,"column":12948}},"86":{"start":{"line":437,"column":8},"end":{"line":437,"column":13248}}},"branchMap":{"1":{"line":22,"type":"if","locations":[{"start":{"line":22,"column":49},"end":{"line":22,"column":49}},{"start":{"line":22,"column":49},"end":{"line":22,"column":49}}]},"2":{"line":22,"type":"if","locations":[{"start":{"line":22,"column":61},"end":{"line":22,"column":61}},{"start":{"line":22,"column":61},"end":{"line":22,"column":61}}]},"3":{"line":38,"type":"if","locations":[{"start":{"line":38,"column":15},"end":{"line":38,"column":15}},{"start":{"line":38,"column":15},"end":{"line":38,"column":15}}]},"4":{"line":38,"type":"if","locations":[{"start":{"line":38,"column":26},"end":{"line":38,"column":26}},{"start":{"line":38,"column":26},"end":{"line":38,"column":26}}]},"5":{"line":42,"type":"if","locations":[{"start":{"line":42,"column":8},"end":{"line":42,"column":8}},{"start":{"line":42,"column":8},"end":{"line":42,"column":8}}]},"6":{"line":43,"type":"if","locations":[{"start":{"line":43,"column":12},"end":{"line":43,"column":12}},{"start":{"line":43,"column":12},"end":{"line":43,"column":12}}]},"7":{"line":60,"type":"if","locations":[{"start":{"line":60,"column":15},"end":{"line":60,"column":15}},{"start":{"line":60,"column":15},"end":{"line":60,"column":15}}]},"8":{"line":61,"type":"if","locations":[{"start":{"line":61,"column":12},"end":{"line":61,"column":12}},{"start":{"line":61,"column":12},"end":{"line":61,"column":12}}]},"9":{"line":66,"type":"if","locations":[{"start":{"line":66,"column":15},"end":{"line":66,"column":15}},{"start":{"line":66,"column":15},"end":{"line":66,"column":15}}]},"10":{"line":68,"type":"if","locations":[{"start":{"line":68,"column":15},"end":{"line":68,"column":15}},{"start":{"line":68,"column":15},"end":{"line":68,"column":15}}]},"11":{"line":158,"type":"if","locations":[{"start":{"line":158,"column":8},"end":{"line":158,"column":8}},{"start":{"line":158,"column":8},"end":{"line":158,"column":8}}]},"12":{"line":160,"type":"if","locations":[{"start":{"line":160,"column":8},"end":{"line":160,"column":8}},{"start":{"line":160,"column":8},"end":{"line":160,"column":8}}]},"13":{"line":198,"type":"if","locations":[{"start":{"line":198,"column":12},"end":{"line":198,"column":12}},{"start":{"line":198,"column":12},"end":{"line":198,"column":12}}]},"14":{"line":229,"type":"if","locations":[{"start":{"line":229,"column":8},"end":{"line":229,"column":8}},{"start":{"line":229,"column":8},"end":{"line":229,"column":8}}]},"15":{"line":231,"type":"if","locations":[{"start":{"line":231,"column":8},"end":{"line":231,"column":8}},{"start":{"line":231,"column":8},"end":{"line":231,"column":8}}]},"16":{"line":263,"type":"if","locations":[{"start":{"line":263,"column":12},"end":{"line":263,"column":12}},{"start":{"line":263,"column":12},"end":{"line":263,"column":12}}]},"17":{"line":302,"type":"if","locations":[{"start":{"line":302,"column":8},"end":{"line":302,"column":8}},{"start":{"line":302,"column":8},"end":{"line":302,"column":8}}]},"18":{"line":303,"type":"cond-expr","locations":[{"start":{"line":303,"column":12},"end":{"line":303,"column":49}},{"start":{"line":304,"column":12},"end":{"line":304,"column":50}}]},"19":{"line":303,"type":"cond-expr","locations":[{"start":{"line":303,"column":12},"end":{"line":304,"column":50}},{"start":{"line":305,"column":12},"end":{"line":305,"column":49}}]},"20":{"line":303,"type":"cond-expr","locations":[{"start":{"line":303,"column":12},"end":{"line":305,"column":49}},{"start":{"line":306,"column":12},"end":{"line":306,"column":55}}]},"21":{"line":321,"type":"if","locations":[{"start":{"line":321,"column":58},"end":{"line":321,"column":58}},{"start":{"line":321,"column":58},"end":{"line":321,"column":58}}]},"22":{"line":327,"type":"if","locations":[{"start":{"line":327,"column":57},"end":{"line":327,"column":57}},{"start":{"line":327,"column":57},"end":{"line":327,"column":57}}]},"23":{"line":327,"type":"if","locations":[{"start":{"line":327,"column":67},"end":{"line":327,"column":67}},{"start":{"line":327,"column":67},"end":{"line":327,"column":67}}]},"24":{"line":328,"type":"if","locations":[{"start":{"line":328,"column":8},"end":{"line":328,"column":8}},{"start":{"line":328,"column":8},"end":{"line":328,"column":8}}]},"25":{"line":333,"type":"if","locations":[{"start":{"line":333,"column":47},"end":{"line":333,"column":47}},{"start":{"line":333,"column":47},"end":{"line":333,"column":47}}]},"26":{"line":333,"type":"if","locations":[{"start":{"line":333,"column":57},"end":{"line":333,"column":57}},{"start":{"line":333,"column":57},"end":{"line":333,"column":57}}]},"27":{"line":347,"type":"if","locations":[{"start":{"line":347,"column":15},"end":{"line":347,"column":15}},{"start":{"line":347,"column":15},"end":{"line":347,"column":15}}]},"28":{"line":349,"type":"if","locations":[{"start":{"line":349,"column":8},"end":{"line":349,"column":8}},{"start":{"line":349,"column":8},"end":{"line":349,"column":8}}]},"29":{"line":355,"type":"if","locations":[{"start":{"line":355,"column":8},"end":{"line":355,"column":8}},{"start":{"line":355,"column":8},"end":{"line":355,"column":8}}]},"30":{"line":357,"type":"if","locations":[{"start":{"line":357,"column":8},"end":{"line":357,"column":8}},{"start":{"line":357,"column":8},"end":{"line":357,"column":8}}]},"31":{"line":359,"type":"if","locations":[{"start":{"line":359,"column":15},"end":{"line":359,"column":15}},{"start":{"line":359,"column":15},"end":{"line":359,"column":15}}]},"32":{"line":384,"type":"if","locations":[{"start":{"line":384,"column":15},"end":{"line":384,"column":15}},{"start":{"line":384,"column":15},"end":{"line":384,"column":15}}]},"33":{"line":384,"type":"if","locations":[{"start":{"line":384,"column":25},"end":{"line":384,"column":25}},{"start":{"line":384,"column":25},"end":{"line":384,"column":25}}]},"34":{"line":396,"type":"if","locations":[{"start":{"line":396,"column":8},"end":{"line":396,"column":8}},{"start":{"line":396,"column":8},"end":{"line":396,"column":8}}]},"35":{"line":402,"type":"if","locations":[{"start":{"line":402,"column":8},"end":{"line":402,"column":8}},{"start":{"line":402,"column":8},"end":{"line":402,"column":8}}]},"36":{"line":408,"type":"if","locations":[{"start":{"line":408,"column":8},"end":{"line":408,"column":8}},{"start":{"line":408,"column":8},"end":{"line":408,"column":8}}]},"37":{"line":410,"type":"if","locations":[{"start":{"line":410,"column":8},"end":{"line":410,"column":8}},{"start":{"line":410,"column":8},"end":{"line":410,"column":8}}]},"38":{"line":415,"type":"if","locations":[{"start":{"line":415,"column":8},"end":{"line":415,"column":8}},{"start":{"line":415,"column":8},"end":{"line":415,"column":8}}]},"39":{"line":417,"type":"if","locations":[{"start":{"line":417,"column":15},"end":{"line":417,"column":15}},{"start":{"line":417,"column":15},"end":{"line":417,"column":15}}]},"40":{"line":432,"type":"if","locations":[{"start":{"line":432,"column":43},"end":{"line":432,"column":43}},{"start":{"line":432,"column":43},"end":{"line":432,"column":43}}]},"41":{"line":432,"type":"if","locations":[{"start":{"line":432,"column":53},"end":{"line":432,"column":53}},{"start":{"line":432,"column":53},"end":{"line":432,"column":53}}]},"42":{"line":437,"type":"if","locations":[{"start":{"line":437,"column":8},"end":{"line":437,"column":8}},{"start":{"line":437,"column":8},"end":{"line":437,"column":8}}]}}},"contracts/DepositManager/DepositManagerOwnable.sol":{"l":{"31":0,"46":0,"53":0,"57":0},"path":"/Users/alo/OpenQ-Fullstack/OpenQ-Contracts/contracts/DepositManager/DepositManagerOwnable.sol","s":{"1":0,"2":0},"b":{"1":[0,0],"2":[0,0]},"f":{"1":0,"2":0,"3":0},"fnMap":{"1":{"name":"__DepositManagerOwnable_init","line":29,"loc":{"start":{"line":27,"column":4},"end":{"line":32,"column":4}}},"2":{"name":"depositManager","line":45,"loc":{"start":{"line":45,"column":4},"end":{"line":47,"column":4}}},"3":{"name":"onlyDepositManager","line":52,"loc":{"start":{"line":52,"column":4},"end":{"line":58,"column":4}}}},"statementMap":{"1":{"start":{"line":46,"column":8},"end":{"line":46,"column":30}},"2":{"start":{"line":53,"column":8},"end":{"line":53,"column":1234}}},"branchMap":{"1":{"line":29,"type":"if","locations":[{"start":{"line":29,"column":8},"end":{"line":29,"column":8}},{"start":{"line":29,"column":8},"end":{"line":29,"column":8}}]},"2":{"line":53,"type":"if","locations":[{"start":{"line":53,"column":8},"end":{"line":53,"column":8}},{"start":{"line":53,"column":8},"end":{"line":53,"column":8}}]}}},"contracts/DepositManager/DepositManagerStorage.sol":{"l":{},"path":"/Users/alo/OpenQ-Fullstack/OpenQ-Contracts/contracts/DepositManager/DepositManagerStorage.sol","s":{},"b":{},"f":{},"fnMap":{},"statementMap":{},"branchMap":{}},"contracts/DepositManager/DepositManagerV1.sol":{"l":{"17":0,"18":0,"30":0,"48":0,"50":0,"51":0,"57":0,"59":0,"63":0,"65":0,"92":0,"94":0,"99":0,"105":0,"129":0,"131":0,"132":0,"134":0,"142":0,"167":0,"169":0,"174":0,"180":0,"182":0,"185":0,"186":0,"187":0,"189":0,"192":0,"194":0,"214":0,"227":0,"229":0,"240":0,"241":0,"242":0},"path":"/Users/alo/OpenQ-Fullstack/OpenQ-Contracts/contracts/DepositManager/DepositManagerV1.sol","s":{"1":0,"2":0,"3":0,"4":0,"5":0,"6":0,"7":0,"8":0,"9":0,"10":0,"11":0,"12":0,"13":0,"14":0,"15":0,"16":0,"17":0,"18":0,"19":0,"20":0,"21":0,"22":0,"23":0,"24":0,"25":0,"26":0,"27":0,"28":0,"29":0,"30":0,"31":0,"32":0,"33":0},"b":{"1":[0,0],"2":[0,0],"3":[0,0],"4":[0,0],"5":[0,0],"6":[0,0],"7":[0,0],"8":[0,0],"9":[0,0],"10":[0,0],"11":[0,0],"12":[0,0],"13":[0,0],"14":[0,0],"15":[0,0],"16":[0,0],"17":[0,0]},"f":{"1":0,"2":0,"3":0,"4":0,"5":0,"6":0,"7":0,"8":0,"9":0,"10":0,"11":0},"fnMap":{"1":{"name":"constructor","line":11,"loc":{"start":{"line":11,"column":4},"end":{"line":11,"column":19}}},"2":{"name":"initialize","line":16,"loc":{"start":{"line":16,"column":4},"end":{"line":19,"column":4}}},"3":{"name":"setTokenWhitelist","line":28,"loc":{"start":{"line":25,"column":4},"end":{"line":31,"column":4}}},"4":{"name":"fundBountyToken","line":47,"loc":{"start":{"line":41,"column":4},"end":{"line":79,"column":4}}},"5":{"name":"extendDeposit","line":91,"loc":{"start":{"line":87,"column":4},"end":{"line":112,"column":4}}},"6":{"name":"fundBountyNFT","line":128,"loc":{"start":{"line":122,"column":4},"end":{"line":156,"column":4}}},"7":{"name":"refundDeposit","line":165,"loc":{"start":{"line":163,"column":4},"end":{"line":206,"column":4}}},"8":{"name":"isWhitelisted","line":213,"loc":{"start":{"line":213,"column":4},"end":{"line":215,"column":4}}},"9":{"name":"tokenAddressLimitReached","line":222,"loc":{"start":{"line":222,"column":4},"end":{"line":232,"column":4}}},"10":{"name":"bountyIsOpen","line":239,"loc":{"start":{"line":239,"column":4},"end":{"line":243,"column":4}}},"11":{"name":"_authorizeUpgrade","line":248,"loc":{"start":{"line":248,"column":4},"end":{"line":248,"column":69}}}},"statementMap":{"1":{"start":{"line":17,"column":8},"end":{"line":17,"column":23}},"2":{"start":{"line":18,"column":8},"end":{"line":18,"column":31}},"3":{"start":{"line":48,"column":8},"end":{"line":48,"column":59}},"4":{"start":{"line":50,"column":8},"end":{"line":50,"column":1491}},"5":{"start":{"line":51,"column":12},"end":{"line":51,"column":1544}},"6":{"start":{"line":57,"column":8},"end":{"line":57,"column":76}},"7":{"start":{"line":59,"column":8},"end":{"line":59,"column":1820}},"8":{"start":{"line":63,"column":8},"end":{"line":63,"column":61}},"9":{"start":{"line":65,"column":8},"end":{"line":65,"column":2000}},"10":{"start":{"line":92,"column":8},"end":{"line":92,"column":59}},"11":{"start":{"line":94,"column":8},"end":{"line":94,"column":2806}},"12":{"start":{"line":99,"column":8},"end":{"line":99,"column":2926}},"13":{"start":{"line":105,"column":8},"end":{"line":105,"column":3061}},"14":{"start":{"line":129,"column":8},"end":{"line":129,"column":59}},"15":{"start":{"line":131,"column":8},"end":{"line":131,"column":71}},"16":{"start":{"line":132,"column":8},"end":{"line":132,"column":76}},"17":{"start":{"line":134,"column":8},"end":{"line":134,"column":4050}},"18":{"start":{"line":142,"column":8},"end":{"line":142,"column":4225}},"19":{"start":{"line":167,"column":8},"end":{"line":167,"column":59}},"20":{"start":{"line":169,"column":8},"end":{"line":169,"column":5041}},"21":{"start":{"line":174,"column":8},"end":{"line":174,"column":5160}},"22":{"start":{"line":180,"column":8},"end":{"line":180,"column":58}},"23":{"start":{"line":182,"column":8},"end":{"line":182,"column":5456}},"24":{"start":{"line":185,"column":8},"end":{"line":185,"column":22}},"25":{"start":{"line":186,"column":8},"end":{"line":186,"column":5559}},"26":{"start":{"line":192,"column":8},"end":{"line":192,"column":59}},"27":{"start":{"line":194,"column":8},"end":{"line":194,"column":5795}},"28":{"start":{"line":214,"column":8},"end":{"line":214,"column":63}},"29":{"start":{"line":227,"column":8},"end":{"line":227,"column":59}},"30":{"start":{"line":229,"column":8},"end":{"line":229,"column":6957}},"31":{"start":{"line":240,"column":8},"end":{"line":240,"column":59}},"32":{"start":{"line":241,"column":8},"end":{"line":241,"column":62}},"33":{"start":{"line":242,"column":8},"end":{"line":242,"column":21}}},"branchMap":{"1":{"line":16,"type":"if","locations":[{"start":{"line":16,"column":35},"end":{"line":16,"column":35}},{"start":{"line":16,"column":35},"end":{"line":16,"column":35}}]},"2":{"line":27,"type":"if","locations":[{"start":{"line":27,"column":8},"end":{"line":27,"column":8}},{"start":{"line":27,"column":8},"end":{"line":27,"column":8}}]},"3":{"line":28,"type":"if","locations":[{"start":{"line":28,"column":8},"end":{"line":28,"column":8}},{"start":{"line":28,"column":8},"end":{"line":28,"column":8}}]},"4":{"line":47,"type":"if","locations":[{"start":{"line":47,"column":23},"end":{"line":47,"column":23}},{"start":{"line":47,"column":23},"end":{"line":47,"column":23}}]},"5":{"line":50,"type":"if","locations":[{"start":{"line":50,"column":8},"end":{"line":50,"column":8}},{"start":{"line":50,"column":8},"end":{"line":50,"column":8}}]},"6":{"line":51,"type":"if","locations":[{"start":{"line":51,"column":12},"end":{"line":51,"column":12}},{"start":{"line":51,"column":12},"end":{"line":51,"column":12}}]},"7":{"line":57,"type":"if","locations":[{"start":{"line":57,"column":8},"end":{"line":57,"column":8}},{"start":{"line":57,"column":8},"end":{"line":57,"column":8}}]},"8":{"line":91,"type":"if","locations":[{"start":{"line":91,"column":15},"end":{"line":91,"column":15}},{"start":{"line":91,"column":15},"end":{"line":91,"column":15}}]},"9":{"line":94,"type":"if","locations":[{"start":{"line":94,"column":8},"end":{"line":94,"column":8}},{"start":{"line":94,"column":8},"end":{"line":94,"column":8}}]},"10":{"line":128,"type":"if","locations":[{"start":{"line":128,"column":15},"end":{"line":128,"column":15}},{"start":{"line":128,"column":15},"end":{"line":128,"column":15}}]},"11":{"line":131,"type":"if","locations":[{"start":{"line":131,"column":8},"end":{"line":131,"column":8}},{"start":{"line":131,"column":8},"end":{"line":131,"column":8}}]},"12":{"line":132,"type":"if","locations":[{"start":{"line":132,"column":8},"end":{"line":132,"column":8}},{"start":{"line":132,"column":8},"end":{"line":132,"column":8}}]},"13":{"line":165,"type":"if","locations":[{"start":{"line":165,"column":8},"end":{"line":165,"column":8}},{"start":{"line":165,"column":8},"end":{"line":165,"column":8}}]},"14":{"line":169,"type":"if","locations":[{"start":{"line":169,"column":8},"end":{"line":169,"column":8}},{"start":{"line":169,"column":8},"end":{"line":169,"column":8}}]},"15":{"line":174,"type":"if","locations":[{"start":{"line":174,"column":8},"end":{"line":174,"column":8}},{"start":{"line":174,"column":8},"end":{"line":174,"column":8}}]},"16":{"line":186,"type":"if","locations":[{"start":{"line":186,"column":8},"end":{"line":186,"column":8}},{"start":{"line":186,"column":8},"end":{"line":186,"column":8}}]},"17":{"line":248,"type":"if","locations":[{"start":{"line":248,"column":58},"end":{"line":248,"column":58}},{"start":{"line":248,"column":58},"end":{"line":248,"column":58}}]}}},"contracts/KYC/IKycValidity.sol":{"l":{},"path":"/Users/alo/OpenQ-Fullstack/OpenQ-Contracts/contracts/KYC/IKycValidity.sol","s":{},"b":{},"f":{},"fnMap":{},"statementMap":{},"branchMap":{}},"contracts/KYC/MockKyc.sol":{"l":{"10":0,"14":0},"path":"/Users/alo/OpenQ-Fullstack/OpenQ-Contracts/contracts/KYC/MockKyc.sol","s":{"1":0},"b":{},"f":{"1":0,"2":0},"fnMap":{"1":{"name":"setIsValid","line":9,"loc":{"start":{"line":9,"column":4},"end":{"line":11,"column":4}}},"2":{"name":"hasValidToken","line":13,"loc":{"start":{"line":13,"column":4},"end":{"line":15,"column":4}}}},"statementMap":{"1":{"start":{"line":14,"column":8},"end":{"line":14,"column":22}}},"branchMap":{}},"contracts/Library/Errors.sol":{"l":{},"path":"/Users/alo/OpenQ-Fullstack/OpenQ-Contracts/contracts/Library/Errors.sol","s":{},"b":{},"f":{},"fnMap":{},"statementMap":{},"branchMap":{}},"contracts/Library/OpenQDefinitions.sol":{"l":{},"path":"/Users/alo/OpenQ-Fullstack/OpenQ-Contracts/contracts/Library/OpenQDefinitions.sol","s":{},"b":{},"f":{},"fnMap":{},"statementMap":{},"branchMap":{}},"contracts/OnlyOpenQ/OnlyOpenQ.sol":{"l":{"28":0,"35":0,"42":0,"43":0},"path":"/Users/alo/OpenQ-Fullstack/OpenQ-Contracts/contracts/OnlyOpenQ/OnlyOpenQ.sol","s":{"1":0,"2":0},"b":{"1":[0,0]},"f":{"1":0,"2":0,"3":0},"fnMap":{"1":{"name":"__OnlyOpenQ_init","line":27,"loc":{"start":{"line":27,"column":4},"end":{"line":29,"column":4}}},"2":{"name":"openQ","line":34,"loc":{"start":{"line":34,"column":4},"end":{"line":36,"column":4}}},"3":{"name":"onlyOpenQ","line":41,"loc":{"start":{"line":41,"column":4},"end":{"line":44,"column":4}}}},"statementMap":{"1":{"start":{"line":35,"column":8},"end":{"line":35,"column":21}},"2":{"start":{"line":42,"column":8},"end":{"line":42,"column":74}}},"branchMap":{"1":{"line":42,"type":"if","locations":[{"start":{"line":42,"column":8},"end":{"line":42,"column":8}},{"start":{"line":42,"column":8},"end":{"line":42,"column":8}}]}}},"contracts/OpenQ/Implementations/OpenQV1.sol":{"l":{"24":0,"25":0,"26":0,"45":0,"50":0,"59":0,"61":0,"72":0,"84":0,"96":0,"108":0,"122":0,"124":0,"126":0,"128":0,"146":0,"148":0,"150":0,"152":0,"168":0,"170":0,"172":0,"174":0,"190":0,"192":0,"194":0,"196":0,"213":0,"215":0,"217":0,"219":0,"236":0,"238":0,"240":0,"245":0,"264":0,"266":0,"268":0,"270":0,"290":0,"292":0,"294":0,"296":0,"317":0,"319":0,"321":0,"323":0,"338":0,"339":0,"344":0,"346":0,"348":0,"350":0,"376":0,"377":0,"378":0,"391":0,"392":0,"393":0,"406":0,"407":0,"421":0,"422":0,"423":0,"427":0,"429":0,"430":0,"438":0,"439":0,"440":0,"448":0,"449":0,"450":0,"452":0,"472":0,"473":0,"474":0,"475":0,"492":0,"500":0,"501":0,"513":0,"514":0,"515":0},"path":"/Users/alo/OpenQ-Fullstack/OpenQ-Contracts/contracts/OpenQ/Implementations/OpenQV1.sol","s":{"1":0,"2":0,"3":0,"4":0,"5":0,"6":0,"7":0,"8":0,"9":0,"10":0,"11":0,"12":0,"13":0,"14":0,"15":0,"16":0,"17":0,"18":0,"19":0,"20":0,"21":0,"22":0,"23":0,"24":0,"25":0,"26":0,"27":0,"28":0,"29":0,"30":0,"31":0,"32":0,"33":0,"34":0,"35":0,"36":0,"37":0,"38":0,"39":0,"40":0,"41":0,"42":0,"43":0,"44":0,"45":0,"46":0,"47":0,"48":0,"49":0,"50":0,"51":0,"52":0,"53":0,"54":0,"55":0,"56":0,"57":0,"58":0,"59":0,"60":0,"61":0,"62":0,"63":0,"64":0,"65":0,"66":0,"67":0,"68":0,"69":0,"70":0,"71":0,"72":0,"73":0,"74":0,"75":0,"76":0,"77":0,"78":0},"b":{"1":[0,0],"2":[0,0],"3":[0,0],"4":[0,0],"5":[0,0],"6":[0,0],"7":[0,0],"8":[0,0],"9":[0,0],"10":[0,0],"11":[0,0],"12":[0,0],"13":[0,0],"14":[0,0],"15":[0,0],"16":[0,0],"17":[0,0],"18":[0,0],"19":[0,0],"20":[0,0],"21":[0,0],"22":[0,0],"23":[0,0],"24":[0,0],"25":[0,0],"26":[0,0],"27":[0,0],"28":[0,0],"29":[0,0],"30":[0,0],"31":[0,0],"32":[0,0],"33":[0,0],"34":[0,0],"35":[0,0],"36":[0,0],"37":[0,0],"38":[0,0]},"f":{"1":10,"2":0,"3":0,"4":0,"5":0,"6":0,"7":0,"8":0,"9":0,"10":0,"11":0,"12":0,"13":0,"14":0,"15":0,"16":0,"17":0,"18":0,"19":0,"20":0,"21":0,"22":0,"23":0,"24":0,"25":0,"26":0,"27":0,"28":0},"fnMap":{"1":{"name":"constructor","line":18,"loc":{"start":{"line":18,"column":4},"end":{"line":18,"column":19}}},"2":{"name":"initialize","line":23,"loc":{"start":{"line":23,"column":4},"end":{"line":27,"column":4}}},"3":{"name":"mintBounty","line":44,"loc":{"start":{"line":40,"column":4},"end":{"line":73,"column":4}}},"4":{"name":"setBountyFactory","line":82,"loc":{"start":{"line":79,"column":4},"end":{"line":85,"column":4}}},"5":{"name":"setClaimManager","line":94,"loc":{"start":{"line":91,"column":4},"end":{"line":97,"column":4}}},"6":{"name":"setDepositManager","line":106,"loc":{"start":{"line":103,"column":4},"end":{"line":109,"column":4}}},"7":{"name":"setFundingGoal","line":121,"loc":{"start":{"line":117,"column":4},"end":{"line":136,"column":4}}},"8":{"name":"setKycRequired","line":144,"loc":{"start":{"line":142,"column":4},"end":{"line":158,"column":4}}},"9":{"name":"setInvoiceable","line":166,"loc":{"start":{"line":164,"column":4},"end":{"line":180,"column":4}}},"10":{"name":"setSupportingDocuments","line":189,"loc":{"start":{"line":186,"column":4},"end":{"line":202,"column":4}}},"11":{"name":"setInvoiceComplete","line":212,"loc":{"start":{"line":208,"column":4},"end":{"line":225,"column":4}}},"12":{"name":"setSupportingDocumentsComplete","line":235,"loc":{"start":{"line":231,"column":4},"end":{"line":251,"column":4}}},"13":{"name":"setPayout","line":263,"loc":{"start":{"line":259,"column":4},"end":{"line":278,"column":4}}},"14":{"name":"setPayoutSchedule","line":289,"loc":{"start":{"line":286,"column":4},"end":{"line":304,"column":4}}},"15":{"name":"setPayoutScheduleFixed","line":316,"loc":{"start":{"line":312,"column":4},"end":{"line":331,"column":4}}},"16":{"name":"closeOngoing","line":337,"loc":{"start":{"line":337,"column":4},"end":{"line":360,"column":4}}},"17":{"name":"bountyIsOpen","line":371,"loc":{"start":{"line":371,"column":4},"end":{"line":379,"column":4}}},"18":{"name":"bountyType","line":386,"loc":{"start":{"line":386,"column":4},"end":{"line":394,"column":4}}},"19":{"name":"bountyAddressToBountyId","line":401,"loc":{"start":{"line":401,"column":4},"end":{"line":408,"column":4}}},"20":{"name":"tierClaimed","line":416,"loc":{"start":{"line":416,"column":4},"end":{"line":424,"column":4}}},"21":{"name":"solvent","line":426,"loc":{"start":{"line":426,"column":4},"end":{"line":431,"column":4}}},"22":{"name":"getBounty","line":433,"loc":{"start":{"line":433,"column":4},"end":{"line":441,"column":4}}},"23":{"name":"setTierWinner","line":443,"loc":{"start":{"line":443,"column":4},"end":{"line":458,"column":4}}},"24":{"name":"ongoingClaimed","line":467,"loc":{"start":{"line":467,"column":4},"end":{"line":476,"column":4}}},"25":{"name":"_authorizeUpgrade","line":485,"loc":{"start":{"line":485,"column":4},"end":{"line":485,"column":69}}},"26":{"name":"getImplementation","line":491,"loc":{"start":{"line":491,"column":4},"end":{"line":493,"column":4}}},"27":{"name":"transferOracle","line":499,"loc":{"start":{"line":499,"column":4},"end":{"line":502,"column":4}}},"28":{"name":"associateExternalIdToAddress","line":512,"loc":{"start":{"line":509,"column":4},"end":{"line":521,"column":4}}}},"statementMap":{"1":{"start":{"line":24,"column":8},"end":{"line":24,"column":23}},"2":{"start":{"line":25,"column":8},"end":{"line":25,"column":31}},"3":{"start":{"line":26,"column":8},"end":{"line":26,"column":31}},"4":{"start":{"line":45,"column":8},"end":{"line":45,"column":1305}},"5":{"start":{"line":50,"column":8},"end":{"line":50,"column":1432}},"6":{"start":{"line":61,"column":8},"end":{"line":61,"column":1712}},"7":{"start":{"line":72,"column":8},"end":{"line":72,"column":28}},"8":{"start":{"line":122,"column":8},"end":{"line":122,"column":46}},"9":{"start":{"line":124,"column":8},"end":{"line":124,"column":71}},"10":{"start":{"line":126,"column":8},"end":{"line":126,"column":67}},"11":{"start":{"line":128,"column":8},"end":{"line":128,"column":3484}},"12":{"start":{"line":146,"column":8},"end":{"line":146,"column":46}},"13":{"start":{"line":148,"column":8},"end":{"line":148,"column":71}},"14":{"start":{"line":150,"column":8},"end":{"line":150,"column":42}},"15":{"start":{"line":152,"column":8},"end":{"line":152,"column":4133}},"16":{"start":{"line":168,"column":8},"end":{"line":168,"column":46}},"17":{"start":{"line":170,"column":8},"end":{"line":170,"column":71}},"18":{"start":{"line":172,"column":8},"end":{"line":172,"column":42}},"19":{"start":{"line":174,"column":8},"end":{"line":174,"column":4709}},"20":{"start":{"line":190,"column":8},"end":{"line":190,"column":46}},"21":{"start":{"line":192,"column":8},"end":{"line":192,"column":71}},"22":{"start":{"line":194,"column":8},"end":{"line":194,"column":58}},"23":{"start":{"line":196,"column":8},"end":{"line":196,"column":5330}},"24":{"start":{"line":213,"column":8},"end":{"line":213,"column":46}},"25":{"start":{"line":215,"column":8},"end":{"line":215,"column":71}},"26":{"start":{"line":217,"column":8},"end":{"line":217,"column":57}},"27":{"start":{"line":219,"column":8},"end":{"line":219,"column":5972}},"28":{"start":{"line":236,"column":8},"end":{"line":236,"column":46}},"29":{"start":{"line":238,"column":8},"end":{"line":238,"column":71}},"30":{"start":{"line":240,"column":8},"end":{"line":240,"column":6609}},"31":{"start":{"line":245,"column":8},"end":{"line":245,"column":6729}},"32":{"start":{"line":264,"column":8},"end":{"line":264,"column":46}},"33":{"start":{"line":266,"column":8},"end":{"line":266,"column":71}},"34":{"start":{"line":268,"column":8},"end":{"line":268,"column":52}},"35":{"start":{"line":270,"column":8},"end":{"line":270,"column":7528}},"36":{"start":{"line":290,"column":8},"end":{"line":290,"column":46}},"37":{"start":{"line":292,"column":8},"end":{"line":292,"column":71}},"38":{"start":{"line":294,"column":8},"end":{"line":294,"column":48}},"39":{"start":{"line":296,"column":8},"end":{"line":296,"column":8407}},"40":{"start":{"line":317,"column":8},"end":{"line":317,"column":46}},"41":{"start":{"line":319,"column":8},"end":{"line":319,"column":71}},"42":{"start":{"line":321,"column":8},"end":{"line":321,"column":74}},"43":{"start":{"line":323,"column":8},"end":{"line":323,"column":9296}},"44":{"start":{"line":338,"column":8},"end":{"line":338,"column":71}},"45":{"start":{"line":339,"column":8},"end":{"line":339,"column":9752}},"46":{"start":{"line":344,"column":8},"end":{"line":344,"column":73}},"47":{"start":{"line":346,"column":8},"end":{"line":346,"column":71}},"48":{"start":{"line":348,"column":8},"end":{"line":348,"column":38}},"49":{"start":{"line":350,"column":8},"end":{"line":350,"column":10081}},"50":{"start":{"line":376,"column":8},"end":{"line":376,"column":46}},"51":{"start":{"line":377,"column":8},"end":{"line":377,"column":62}},"52":{"start":{"line":378,"column":8},"end":{"line":378,"column":21}},"53":{"start":{"line":391,"column":8},"end":{"line":391,"column":46}},"54":{"start":{"line":392,"column":8},"end":{"line":392,"column":49}},"55":{"start":{"line":393,"column":8},"end":{"line":393,"column":26}},"56":{"start":{"line":406,"column":8},"end":{"line":406,"column":59}},"57":{"start":{"line":407,"column":8},"end":{"line":407,"column":32}},"58":{"start":{"line":421,"column":8},"end":{"line":421,"column":46}},"59":{"start":{"line":422,"column":8},"end":{"line":422,"column":53}},"60":{"start":{"line":423,"column":8},"end":{"line":423,"column":27}},"61":{"start":{"line":427,"column":8},"end":{"line":427,"column":46}},"62":{"start":{"line":429,"column":8},"end":{"line":429,"column":77}},"63":{"start":{"line":430,"column":8},"end":{"line":430,"column":47}},"64":{"start":{"line":438,"column":8},"end":{"line":438,"column":60}},"65":{"start":{"line":439,"column":8},"end":{"line":439,"column":58}},"66":{"start":{"line":440,"column":8},"end":{"line":440,"column":21}},"67":{"start":{"line":448,"column":8},"end":{"line":448,"column":46}},"68":{"start":{"line":449,"column":8},"end":{"line":449,"column":71}},"69":{"start":{"line":450,"column":8},"end":{"line":450,"column":43}},"70":{"start":{"line":452,"column":8},"end":{"line":452,"column":13061}},"71":{"start":{"line":472,"column":8},"end":{"line":472,"column":46}},"72":{"start":{"line":473,"column":8},"end":{"line":473,"column":77}},"73":{"start":{"line":474,"column":8},"end":{"line":474,"column":60}},"74":{"start":{"line":475,"column":8},"end":{"line":475,"column":30}},"75":{"start":{"line":492,"column":8},"end":{"line":492,"column":35}},"76":{"start":{"line":500,"column":8},"end":{"line":500,"column":64}},"77":{"start":{"line":501,"column":8},"end":{"line":501,"column":34}},"78":{"start":{"line":515,"column":8},"end":{"line":515,"column":15399}}},"branchMap":{"1":{"line":23,"type":"if","locations":[{"start":{"line":23,"column":35},"end":{"line":23,"column":35}},{"start":{"line":23,"column":35},"end":{"line":23,"column":35}}]},"2":{"line":23,"type":"if","locations":[{"start":{"line":23,"column":47},"end":{"line":23,"column":47}},{"start":{"line":23,"column":47},"end":{"line":23,"column":47}}]},"3":{"line":44,"type":"if","locations":[{"start":{"line":44,"column":15},"end":{"line":44,"column":15}},{"start":{"line":44,"column":15},"end":{"line":44,"column":15}}]},"4":{"line":44,"type":"if","locations":[{"start":{"line":44,"column":28},"end":{"line":44,"column":28}},{"start":{"line":44,"column":28},"end":{"line":44,"column":28}}]},"5":{"line":45,"type":"if","locations":[{"start":{"line":45,"column":8},"end":{"line":45,"column":8}},{"start":{"line":45,"column":8},"end":{"line":45,"column":8}}]},"6":{"line":81,"type":"if","locations":[{"start":{"line":81,"column":8},"end":{"line":81,"column":8}},{"start":{"line":81,"column":8},"end":{"line":81,"column":8}}]},"7":{"line":82,"type":"if","locations":[{"start":{"line":82,"column":8},"end":{"line":82,"column":8}},{"start":{"line":82,"column":8},"end":{"line":82,"column":8}}]},"8":{"line":93,"type":"if","locations":[{"start":{"line":93,"column":8},"end":{"line":93,"column":8}},{"start":{"line":93,"column":8},"end":{"line":93,"column":8}}]},"9":{"line":94,"type":"if","locations":[{"start":{"line":94,"column":8},"end":{"line":94,"column":8}},{"start":{"line":94,"column":8},"end":{"line":94,"column":8}}]},"10":{"line":105,"type":"if","locations":[{"start":{"line":105,"column":8},"end":{"line":105,"column":8}},{"start":{"line":105,"column":8},"end":{"line":105,"column":8}}]},"11":{"line":106,"type":"if","locations":[{"start":{"line":106,"column":8},"end":{"line":106,"column":8}},{"start":{"line":106,"column":8},"end":{"line":106,"column":8}}]},"12":{"line":121,"type":"if","locations":[{"start":{"line":121,"column":15},"end":{"line":121,"column":15}},{"start":{"line":121,"column":15},"end":{"line":121,"column":15}}]},"13":{"line":124,"type":"if","locations":[{"start":{"line":124,"column":8},"end":{"line":124,"column":8}},{"start":{"line":124,"column":8},"end":{"line":124,"column":8}}]},"14":{"line":144,"type":"if","locations":[{"start":{"line":144,"column":8},"end":{"line":144,"column":8}},{"start":{"line":144,"column":8},"end":{"line":144,"column":8}}]},"15":{"line":148,"type":"if","locations":[{"start":{"line":148,"column":8},"end":{"line":148,"column":8}},{"start":{"line":148,"column":8},"end":{"line":148,"column":8}}]},"16":{"line":166,"type":"if","locations":[{"start":{"line":166,"column":8},"end":{"line":166,"column":8}},{"start":{"line":166,"column":8},"end":{"line":166,"column":8}}]},"17":{"line":170,"type":"if","locations":[{"start":{"line":170,"column":8},"end":{"line":170,"column":8}},{"start":{"line":170,"column":8},"end":{"line":170,"column":8}}]},"18":{"line":189,"type":"if","locations":[{"start":{"line":189,"column":15},"end":{"line":189,"column":15}},{"start":{"line":189,"column":15},"end":{"line":189,"column":15}}]},"19":{"line":192,"type":"if","locations":[{"start":{"line":192,"column":8},"end":{"line":192,"column":8}},{"start":{"line":192,"column":8},"end":{"line":192,"column":8}}]},"20":{"line":212,"type":"if","locations":[{"start":{"line":212,"column":15},"end":{"line":212,"column":15}},{"start":{"line":212,"column":15},"end":{"line":212,"column":15}}]},"21":{"line":215,"type":"if","locations":[{"start":{"line":215,"column":8},"end":{"line":215,"column":8}},{"start":{"line":215,"column":8},"end":{"line":215,"column":8}}]},"22":{"line":235,"type":"if","locations":[{"start":{"line":235,"column":15},"end":{"line":235,"column":15}},{"start":{"line":235,"column":15},"end":{"line":235,"column":15}}]},"23":{"line":238,"type":"if","locations":[{"start":{"line":238,"column":8},"end":{"line":238,"column":8}},{"start":{"line":238,"column":8},"end":{"line":238,"column":8}}]},"24":{"line":263,"type":"if","locations":[{"start":{"line":263,"column":15},"end":{"line":263,"column":15}},{"start":{"line":263,"column":15},"end":{"line":263,"column":15}}]},"25":{"line":266,"type":"if","locations":[{"start":{"line":266,"column":8},"end":{"line":266,"column":8}},{"start":{"line":266,"column":8},"end":{"line":266,"column":8}}]},"26":{"line":289,"type":"if","locations":[{"start":{"line":289,"column":15},"end":{"line":289,"column":15}},{"start":{"line":289,"column":15},"end":{"line":289,"column":15}}]},"27":{"line":292,"type":"if","locations":[{"start":{"line":292,"column":8},"end":{"line":292,"column":8}},{"start":{"line":292,"column":8},"end":{"line":292,"column":8}}]},"28":{"line":316,"type":"if","locations":[{"start":{"line":316,"column":15},"end":{"line":316,"column":15}},{"start":{"line":316,"column":15},"end":{"line":316,"column":15}}]},"29":{"line":319,"type":"if","locations":[{"start":{"line":319,"column":8},"end":{"line":319,"column":8}},{"start":{"line":319,"column":8},"end":{"line":319,"column":8}}]},"30":{"line":338,"type":"if","locations":[{"start":{"line":338,"column":8},"end":{"line":338,"column":8}},{"start":{"line":338,"column":8},"end":{"line":338,"column":8}}]},"31":{"line":339,"type":"if","locations":[{"start":{"line":339,"column":8},"end":{"line":339,"column":8}},{"start":{"line":339,"column":8},"end":{"line":339,"column":8}}]},"32":{"line":346,"type":"if","locations":[{"start":{"line":346,"column":8},"end":{"line":346,"column":8}},{"start":{"line":346,"column":8},"end":{"line":346,"column":8}}]},"33":{"line":449,"type":"if","locations":[{"start":{"line":449,"column":8},"end":{"line":449,"column":8}},{"start":{"line":449,"column":8},"end":{"line":449,"column":8}}]},"34":{"line":485,"type":"if","locations":[{"start":{"line":485,"column":58},"end":{"line":485,"column":58}},{"start":{"line":485,"column":58},"end":{"line":485,"column":58}}]},"35":{"line":499,"type":"if","locations":[{"start":{"line":499,"column":57},"end":{"line":499,"column":57}},{"start":{"line":499,"column":57},"end":{"line":499,"column":57}}]},"36":{"line":499,"type":"if","locations":[{"start":{"line":499,"column":67},"end":{"line":499,"column":67}},{"start":{"line":499,"column":67},"end":{"line":499,"column":67}}]},"37":{"line":500,"type":"if","locations":[{"start":{"line":500,"column":8},"end":{"line":500,"column":8}},{"start":{"line":500,"column":8},"end":{"line":500,"column":8}}]},"38":{"line":512,"type":"if","locations":[{"start":{"line":512,"column":15},"end":{"line":512,"column":15}},{"start":{"line":512,"column":15},"end":{"line":512,"column":15}}]}}},"contracts/OpenQ/IOpenQ.sol":{"l":{},"path":"/Users/alo/OpenQ-Fullstack/OpenQ-Contracts/contracts/OpenQ/IOpenQ.sol","s":{},"b":{},"f":{},"fnMap":{},"statementMap":{},"branchMap":{}},"contracts/OpenQ/IOpenQV2.sol":{"l":{},"path":"/Users/alo/OpenQ-Fullstack/OpenQ-Contracts/contracts/OpenQ/IOpenQV2.sol","s":{},"b":{},"f":{},"fnMap":{},"statementMap":{},"branchMap":{}},"contracts/OpenQ/Proxy/OpenQProxy.sol":{"l":{},"path":"/Users/alo/OpenQ-Fullstack/OpenQ-Contracts/contracts/OpenQ/Proxy/OpenQProxy.sol","s":{},"b":{},"f":{"1":0},"fnMap":{"1":{"name":"constructor","line":16,"loc":{"start":{"line":14,"column":4},"end":{"line":17,"column":5}}}},"statementMap":{},"branchMap":{}},"contracts/Oracle/Oraclize.sol":{"l":{"36":0,"48":0,"49":0,"50":0,"61":0,"68":0,"72":0},"path":"/Users/alo/OpenQ-Fullstack/OpenQ-Contracts/contracts/Oracle/Oraclize.sol","s":{"1":0,"2":0,"3":0,"4":0},"b":{"1":[0,0],"2":[0,0]},"f":{"1":0,"2":0,"3":0,"4":0},"fnMap":{"1":{"name":"__Oraclize_init","line":35,"loc":{"start":{"line":35,"column":4},"end":{"line":37,"column":4}}},"2":{"name":"_transferOracle","line":47,"loc":{"start":{"line":47,"column":4},"end":{"line":51,"column":4}}},"3":{"name":"oracle","line":60,"loc":{"start":{"line":60,"column":4},"end":{"line":62,"column":4}}},"4":{"name":"onlyOracle","line":67,"loc":{"start":{"line":67,"column":4},"end":{"line":73,"column":4}}}},"statementMap":{"1":{"start":{"line":48,"column":8},"end":{"line":48,"column":35}},"2":{"start":{"line":50,"column":8},"end":{"line":50,"column":52}},"3":{"start":{"line":61,"column":8},"end":{"line":61,"column":22}},"4":{"start":{"line":68,"column":8},"end":{"line":68,"column":1568}}},"branchMap":{"1":{"line":35,"type":"if","locations":[{"start":{"line":35,"column":62},"end":{"line":35,"column":62}},{"start":{"line":35,"column":62},"end":{"line":35,"column":62}}]},"2":{"line":68,"type":"if","locations":[{"start":{"line":68,"column":8},"end":{"line":68,"column":8}},{"start":{"line":68,"column":8},"end":{"line":68,"column":8}}]}}},"contracts/Storage/BountyStorage.sol":{"l":{},"path":"/Users/alo/OpenQ-Fullstack/OpenQ-Contracts/contracts/Storage/BountyStorage.sol","s":{},"b":{},"f":{},"fnMap":{},"statementMap":{},"branchMap":{}},"contracts/Storage/OpenQStorage.sol":{"l":{},"path":"/Users/alo/OpenQ-Fullstack/OpenQ-Contracts/contracts/Storage/OpenQStorage.sol","s":{},"b":{},"f":{},"fnMap":{},"statementMap":{},"branchMap":{}},"contracts/Tokens/MockDai.sol":{"l":{"11":0,"12":0},"path":"/Users/alo/OpenQ-Fullstack/OpenQ-Contracts/contracts/Tokens/MockDai.sol","s":{"1":0},"b":{},"f":{"1":0},"fnMap":{"1":{"name":"constructor","line":10,"loc":{"start":{"line":10,"column":4},"end":{"line":13,"column":4}}}},"statementMap":{"1":{"start":{"line":11,"column":8},"end":{"line":11,"column":40}}},"branchMap":{}},"contracts/Tokens/MockLink.sol":{"l":{"11":2,"12":2},"path":"/Users/alo/OpenQ-Fullstack/OpenQ-Contracts/contracts/Tokens/MockLink.sol","s":{"1":2},"b":{},"f":{"1":2},"fnMap":{"1":{"name":"constructor","line":10,"loc":{"start":{"line":10,"column":4},"end":{"line":13,"column":4}}}},"statementMap":{"1":{"start":{"line":11,"column":8},"end":{"line":11,"column":40}}},"branchMap":{}},"contracts/Tokens/MockNft.sol":{"l":{"20":0,"21":0,"22":0,"23":0,"32":0,"41":0},"path":"/Users/alo/OpenQ-Fullstack/OpenQ-Contracts/contracts/Tokens/MockNft.sol","s":{"1":0,"2":0,"3":0,"4":0,"5":0,"6":0},"b":{"1":[0,0]},"f":{"1":0,"2":0,"3":0,"4":0},"fnMap":{"1":{"name":"constructor","line":14,"loc":{"start":{"line":14,"column":4},"end":{"line":14,"column":45}}},"2":{"name":"safeMint","line":19,"loc":{"start":{"line":19,"column":4},"end":{"line":24,"column":4}}},"3":{"name":"_burn","line":28,"loc":{"start":{"line":28,"column":4},"end":{"line":33,"column":4}}},"4":{"name":"tokenURI","line":35,"loc":{"start":{"line":35,"column":4},"end":{"line":42,"column":4}}}},"statementMap":{"1":{"start":{"line":20,"column":8},"end":{"line":20,"column":51}},"2":{"start":{"line":21,"column":8},"end":{"line":21,"column":34}},"3":{"start":{"line":22,"column":8},"end":{"line":22,"column":29}},"4":{"start":{"line":23,"column":8},"end":{"line":23,"column":33}},"5":{"start":{"line":32,"column":8},"end":{"line":32,"column":27}},"6":{"start":{"line":41,"column":8},"end":{"line":41,"column":38}}},"branchMap":{"1":{"line":19,"type":"if","locations":[{"start":{"line":19,"column":43},"end":{"line":19,"column":43}},{"start":{"line":19,"column":43},"end":{"line":19,"column":43}}]}}},"contracts/Tokens/OpenQTokenWhitelist.sol":{"l":{"23":2},"path":"/Users/alo/OpenQ-Fullstack/OpenQ-Contracts/contracts/Tokens/OpenQTokenWhitelist.sol","s":{},"b":{},"f":{"1":2},"fnMap":{"1":{"name":"constructor","line":22,"loc":{"start":{"line":22,"column":4},"end":{"line":24,"column":4}}}},"statementMap":{},"branchMap":{}},"contracts/Tokens/TestToken.sol":{"l":{"20":0,"27":0,"28":0,"29":0,"33":0,"38":0},"path":"/Users/alo/OpenQ-Fullstack/OpenQ-Contracts/contracts/Tokens/TestToken.sol","s":{"1":0,"2":0,"3":0,"4":0,"5":0},"b":{},"f":{"1":0,"2":0,"3":0,"4":0},"fnMap":{"1":{"name":"constructor","line":19,"loc":{"start":{"line":15,"column":4},"end":{"line":21,"column":4}}},"2":{"name":"mint","line":26,"loc":{"start":{"line":26,"column":4},"end":{"line":30,"column":4}}},"3":{"name":"decimals","line":32,"loc":{"start":{"line":32,"column":4},"end":{"line":34,"column":4}}},"4":{"name":"getDecimals","line":37,"loc":{"start":{"line":37,"column":4},"end":{"line":39,"column":4}}}},"statementMap":{"1":{"start":{"line":27,"column":8},"end":{"line":27,"column":35}},"2":{"start":{"line":28,"column":8},"end":{"line":28,"column":35}},"3":{"start":{"line":29,"column":8},"end":{"line":29,"column":19}},"4":{"start":{"line":33,"column":8},"end":{"line":33,"column":24}},"5":{"start":{"line":38,"column":8},"end":{"line":38,"column":25}}},"branchMap":{}},"contracts/Tokens/TokenWhitelist.sol":{"l":{"32":0,"40":0,"41":0,"42":0,"50":0,"54":0,"55":0,"66":0},"path":"/Users/alo/OpenQ-Fullstack/OpenQ-Contracts/contracts/Tokens/TokenWhitelist.sol","s":{"1":0,"2":0,"3":0},"b":{"1":[0,0],"2":[0,0],"3":[0,0],"4":[0,0],"5":[0,0]},"f":{"1":0,"2":0,"3":0,"4":0},"fnMap":{"1":{"name":"isWhitelisted","line":31,"loc":{"start":{"line":31,"column":4},"end":{"line":33,"column":4}}},"2":{"name":"addToken","line":39,"loc":{"start":{"line":39,"column":4},"end":{"line":43,"column":4}}},"3":{"name":"removeToken","line":49,"loc":{"start":{"line":49,"column":4},"end":{"line":56,"column":4}}},"4":{"name":"setTokenAddressLimit","line":64,"loc":{"start":{"line":62,"column":4},"end":{"line":67,"column":4}}}},"statementMap":{"1":{"start":{"line":32,"column":8},"end":{"line":32,"column":38}},"2":{"start":{"line":40,"column":8},"end":{"line":40,"column":78}},"3":{"start":{"line":50,"column":8},"end":{"line":50,"column":1342}}},"branchMap":{"1":{"line":39,"type":"if","locations":[{"start":{"line":39,"column":53},"end":{"line":39,"column":53}},{"start":{"line":39,"column":53},"end":{"line":39,"column":53}}]},"2":{"line":40,"type":"if","locations":[{"start":{"line":40,"column":8},"end":{"line":40,"column":8}},{"start":{"line":40,"column":8},"end":{"line":40,"column":8}}]},"3":{"line":49,"type":"if","locations":[{"start":{"line":49,"column":56},"end":{"line":49,"column":56}},{"start":{"line":49,"column":56},"end":{"line":49,"column":56}}]},"4":{"line":50,"type":"if","locations":[{"start":{"line":50,"column":8},"end":{"line":50,"column":8}},{"start":{"line":50,"column":8},"end":{"line":50,"column":8}}]},"5":{"line":64,"type":"if","locations":[{"start":{"line":64,"column":8},"end":{"line":64,"column":8}},{"start":{"line":64,"column":8},"end":{"line":64,"column":8}}]}}},"contracts/Tokens/TransferFeeToken.sol":{"l":{"11":0,"12":0},"path":"/Users/alo/OpenQ-Fullstack/OpenQ-Contracts/contracts/Tokens/TransferFeeToken.sol","s":{"1":0},"b":{},"f":{"1":0},"fnMap":{"1":{"name":"constructor","line":10,"loc":{"start":{"line":10,"column":4},"end":{"line":13,"column":4}}}},"statementMap":{"1":{"start":{"line":11,"column":8},"end":{"line":11,"column":40}}},"branchMap":{}}}